"../../../Engine/Content/EditorBlueprintResources/StandardMacros.uasset" 0
"../../../Engine/Content/Functions/Engine_MaterialFunctions02/Utility/BlendAngleCorrectedNormals.uasset" 1
"../../../Engine/Content/Functions/MaterialLayerFunctions/MatLayerBlend_NormalBlend.uasset" 2
"../../../Engine/Content/Functions/MaterialLayerFunctions/MatLayerBlend_Simple.uasset" 3
"../../../AI_FromScratch_01/Content/NPC/Character/Materials/MaterialLayers/T_ML_Rubber_Blue_01_D.uasset" 4
"../../../AI_FromScratch_01/Content/NPC/Character/Materials/MaterialLayers/T_ML_Rubber_Blue_01_N.uasset" 5
"../../../AI_FromScratch_01/Content/NPC/Character/Materials/MaterialLayers/ML_GlossyBlack_Latex_UE4.uasset" 6
"../../../AI_FromScratch_01/Content/NPC/Character/Materials/MaterialLayers/ML_Plastic_Shiny_Beige.uasset" 7
"../../../AI_FromScratch_01/Content/NPC/Character/Textures/UE4_LOGO_CARD.uasset" 8
"../../../AI_FromScratch_01/Content/NPC/Character/Materials/MaterialLayers/ML_Plastic_Shiny_Beige_LOGO.uasset" 9
"../../../AI_FromScratch_01/Content/NPC/Character/Materials/MaterialLayers/T_ML_Aluminum01.uasset" 10
"../../../AI_FromScratch_01/Content/NPC/Character/Materials/MaterialLayers/T_ML_Aluminum01_N.uasset" 11
"../../../AI_FromScratch_01/Content/NPC/Character/Materials/MaterialLayers/ML_SoftMetal_UE4.uasset" 12
"../../../AI_FromScratch_01/Content/NPC/Character/Textures/UE4_Mannequin__normals.uasset" 13
"../../../AI_FromScratch_01/Content/NPC/Character/Textures/UE4_Mannequin_MAT_MASKA.uasset" 14
"../../../AI_FromScratch_01/Content/NPC/Character/Materials/M_UE4Man_Body.uasset" 15
"../../../AI_FromScratch_01/Content/NPC/Character/Textures/UE4Man_Logo_N.uasset" 16
"../../../AI_FromScratch_01/Content/NPC/Character/Materials/M_UE4Man_ChestLogo.uasset" 17
"../../../AI_FromScratch_01/Content/NPC/Character/Mesh/SK_Mannequin.uasset" 18
"../../../AI_FromScratch_01/Content/NPC/Character/Mesh/UE4_Mannequin_Skeleton.uasset" 19
"../../../AI_FromScratch_01/Content/NPC/Animations/ThirdPerson_Jump.uasset" 20
"../../../AI_FromScratch_01/Content/NPC/Animations/ThirdPersonJump_Loop.uasset" 21
"../../../AI_FromScratch_01/Content/NPC/Animations/ThirdPersonJump_Start.uasset" 22
"../../../AI_FromScratch_01/Content/NPC/Animations/ThirdPersonIdle.uasset" 23
"../../../AI_FromScratch_01/Content/NPC/Animations/ThirdPersonRun.uasset" 24
"../../../AI_FromScratch_01/Content/NPC/Animations/ThirdPersonWalk.uasset" 25
"../../../AI_FromScratch_01/Content/NPC/Animations/ThirdPerson_IdleRun_2D.uasset" 26
"../../../AI_FromScratch_01/Content/NPC/Animations/ThirdPerson_AnimBP.uasset" 27
"../../../AI_FromScratch_01/Content/NPC/AI/Enum_States.uasset" 28
"../../../AI_FromScratch_01/Content/NPC/AI/NPC_BB.uasset" 29
"../../../AI_FromScratch_01/Content/NPC/AI/Tasks/BTT_Forgetenemy.uasset" 30
"../../../AI_FromScratch_01/Content/NPC/AI/Tasks/BTT_GetNearestHidePoint.uasset" 31
"../../../AI_FromScratch_01/Content/NPC/AI/BehaviourTrees/BT_Hide.uasset" 32
"../../../AI_FromScratch_01/Content/NPC/AI/Tasks/BTT_SetRandomDestination.uasset" 33
"../../../AI_FromScratch_01/Content/NPC/AI/BehaviourTrees/BT_Wander.uasset" 34
"../../../AI_FromScratch_01/Content/NPC/AI/BehaviourTrees/BT_Main.uasset" 35
"../../../AI_FromScratch_01/Content/NPC/AI/NPC_Controller.uasset" 36
"../../../AI_FromScratch_01/Content/NPC/Character/Materials/M_UE4Man_Body_Inst.uasset" 37
"../../../AI_FromScratch_01/Content/NPC/Blueprints/NPC_Character.uasset" 38
"../../../AI_FromScratch_01/Content/CommonAssets/HidePoint.uasset" 39
"../../../AI_FromScratch_01/Content/CommonAssets/SpawnPoint/SpawnPoint.uasset" 40
"../../../AI_FromScratch_01/Content/CommonAssets/SpawnPoint/Icons/SpawnPoint_Blue.uasset" 41
"../../../AI_FromScratch_01/Content/CommonAssets/SpawnPoint/SpawnPoint_Blue.uasset" 42
"../../../AI_FromScratch_01/Content/CommonAssets/SpawnPoint/Icons/SpawnPoint_Green.uasset" 43
"../../../AI_FromScratch_01/Content/CommonAssets/SpawnPoint/SpawnPoint_Green.uasset" 44
"../../../AI_FromScratch_01/Content/CommonAssets/SpawnPoint/Icons/SpawnPoint_Red.uasset" 45
"../../../AI_FromScratch_01/Content/CommonAssets/SpawnPoint/SpawnPoint_Red.uasset" 46
"../../../AI_FromScratch_01/Content/CommonAssets/SpawnPoint/Icons/SpawnPoint_Yellow.uasset" 47
"../../../AI_FromScratch_01/Content/CommonAssets/SpawnPoint/SpawnPoint_Yellow.uasset" 48
"../../../Engine/Content/EngineSky/C_Sky_Cloud_Color.uasset" 49
"../../../Engine/Content/EngineSky/C_Sky_Horizon_Color.uasset" 50
"../../../Engine/Content/EngineSky/C_Sky_Zenith_Color.uasset" 51
"../../../Engine/Content/EngineSky/T_Sky_Blue.uasset" 52
"../../../Engine/Content/EngineSky/T_Sky_Clouds_M.uasset" 53
"../../../Engine/Content/EngineSky/T_Sky_Stars.uasset" 54
"../../../Engine/Content/EngineSky/SM_SkySphere.uasset" 55
"../../../Engine/Content/EngineSky/M_Sky_Panning_Clouds2.uasset" 56
"../../../Engine/Content/EngineSky/BP_Sky_Sphere.uasset" 57
"../../../Engine/Content/BasicShapes/BasicShapeMaterial.uasset" 58
"../../../Engine/Content/Functions/Engine_MaterialFunctions01/Opacity/CameraDepthFade.uasset" 59
"../../../Engine/Content/EngineMaterials/T_Default_Material_Grid_M.uasset" 60
"../../../Engine/Content/EngineMaterials/T_Default_Material_Grid_N.uasset" 61
"../../../Engine/Content/EngineMaterials/WorldGridMaterial.uasset" 62
"../../../Engine/Content/BasicShapes/Cube.uasset" 63
"../../../AI_FromScratch_01/Content/CommonAssets/Obstacle_Wall_High.uasset" 64
"../../../Engine/Content/EngineMaterials/DefaultMaterial.uasset" 65
"../../../Engine/Content/MapTemplates/SM_Template_Map_Floor.uasset" 66
"../../../AI_FromScratch_01/Content/Levels/03_LookForObjectsasd/03_LookForObject.umap" 67
"../../../AI_FromScratch_01/Content/Levels/02_SpawningCharacters/02_SpawningCharacters.umap" 68
"../../../AI_FromScratch_01/Content/Levels/Default.umap" 69
"../../../Engine/Content/EngineMaterials/DefaultDiffuse.uasset" 70
"../../../Engine/Content/EngineMaterials/DefaultNormal.uasset" 71
"../../../Engine/Content/Maps/Entry.umap" 72
"../../../Engine/Content/EngineFonts/Roboto.uasset" 73
"../../../Engine/Content/Functions/Engine_MaterialFunctions01/Shading/PowerToRoughness.uasset" 74
"../../../Engine/Content/EngineMaterials/DefaultDeferredDecalMaterial.uasset" 75
"../../../Engine/Content/EngineMaterials/DefaultLightFunctionMaterial.uasset" 76
"../../../Engine/Content/Functions/Engine_MaterialFunctions02/Utility/BreakOutFloat2Components.uasset" 77
"../../../Engine/Content/EngineMaterials/DefaultPostProcessMaterial.uasset" 78
"../../../Engine/Content/EngineResources/DefaultTexture.uasset" 79
"../../../Engine/Content/Functions/Engine_MaterialFunctions02/Texturing/ScreenAlignedUVs.uasset" 80
"../../../Engine/Content/EngineResources/WhiteSquareTexture.uasset" 81
"../../../Engine/Content/EngineMaterials/Widget3DPassThrough.uasset" 82
"../../../Engine/Content/EngineMaterials/Widget3DPassThrough_Translucent.uasset" 83
"../../../Engine/Content/EngineMaterials/Widget3DPassThrough_Translucent_OneSided.uasset" 84
"../../../Engine/Content/EngineMaterials/Widget3DPassThrough_Opaque.uasset" 85
"../../../Engine/Content/EngineMaterials/Widget3DPassThrough_Opaque_OneSided.uasset" 86
"../../../Engine/Content/EngineMaterials/Widget3DPassThrough_Masked.uasset" 87
"../../../Engine/Content/EngineMaterials/Widget3DPassThrough_Masked_OneSided.uasset" 88
"../../../Engine/Content/EditorResources/S_Actor.uasset" 89
"../../../Engine/Content/Maps/Templates/Thumbnails/Default.uasset" 90
"../../../Engine/Content/EditorMaterials/ParticleSystems/PSysThumbnail_NoImage.uasset" 91
"../../../Engine/Content/EditorMaterials/ParticleSystems/PSysThumbnail_OOD.uasset" 92
"../../../Engine/Content/EditorLandscapeResources/DataLayer.uasset" 93
"../../../Engine/Content/EngineDamageTypes/DmgTypeBP_Environmental.uasset" 94
"../../../Engine/Content/EngineMeshes/Sphere.uasset" 95
"../../../Engine/Content/EngineFonts/RobotoDistanceField.uasset" 96
"../../../Engine/Content/EngineMaterials/DefaultTextMaterialOpaque.uasset" 97
"../../../Engine/Content/EditorResources/S_Trigger.uasset" 98
"../../../Engine/Content/EngineResources/GradientTexture0.uasset" 99
"../../../Engine/Content/EngineResources/Black.uasset" 100
"../../../Engine/Content/EditorMaterials/MatineeGroups/MAT_Groups_Float.uasset" 101
"../../../Engine/Content/EditorMaterials/MatineeGroups/MAT_Groups_Director.uasset" 102
"../../../Engine/Content/EditorMaterials/MatineeGroups/MAT_Groups_Event.uasset" 103
"../../../Engine/Content/EditorMaterials/MatineeGroups/MAT_Groups_Anim.uasset" 104
"../../../Engine/Content/EditorMaterials/MatineeGroups/MAT_Groups_Fade.uasset" 105
"../../../Engine/Content/EditorMaterials/MatineeGroups/MAT_Groups_Move.uasset" 106
"../../../Engine/Content/EditorMaterials/MatineeGroups/MAT_Groups_Slomo.uasset" 107
"../../../Engine/Content/EditorMaterials/MatineeGroups/MAT_ColorTrack.uasset" 108
"../../../Engine/Content/EditorMaterials/MAT_Groups_Toggle.uasset" 109
"../../../Engine/Content/EditorMaterials/MatineeGroups/MAT_Groups_AudioMaster.uasset" 110
"../../../Engine/Content/EditorMaterials/MatineeGroups/MAT_Groups_Sound.uasset" 111
"../../../Engine/Content/EditorMaterials/MatineeGroups/MAT_Groups_Vector.uasset" 112
"../../../Engine/Content/EditorMaterials/MAT_Groups_Visibility.uasset" 113
"../../../Engine/Content/EngineResources/DefaultTextureCube.uasset" 114
"../../../Engine/Content/EngineMeshes/Cylinder.uasset" 115
"../../../Engine/Content/EngineTireTypes/DefaultTireType.uasset" 116
"../../../Engine/Content/EngineResources/AICON-Red.uasset" 117
"../../../Engine/Content/EngineResources/AICON-Green.uasset" 118
"../../../Engine/Content/Tutorial/Basics/TutorialAssets/icon_tab_Levels_40x.uasset" 119
"../../../Engine/Content/Tutorial/Basics/LevelEditorOverview.uasset" 120
"../../../Engine/Content/Tutorial/Basics/LevelEditorAttract.uasset" 121
"../../../Engine/Content/Tutorial/BlueprintTutorials/TutorialAssets/Blueprint_64x.uasset" 122
"../../../Engine/Content/Tutorial/BlueprintTutorials/BlueprintEditorTutorial.uasset" 123
"../../../Engine/Content/Tutorial/SubEditors/TutorialAssets/TutorialMaterial.uasset" 124
"../../../Engine/Content/Tutorial/SubEditors/MaterialEditorTutorial.uasset" 125
"../../../Engine/Content/Tutorial/BlueprintTutorials/LevelBlueprintEditorOverview.uasset" 126
"../../../Engine/Content/Tutorial/ContentIntroCurve.uasset" 127
"../../../Engine/Plugins/2D/Paper2D/Content/PlaceholderTextures/DummySpriteTexture.uasset" 128
"../../../Engine/Plugins/2D/Paper2D/Content/DummySpriteTexture.uasset" 129
"../../../Engine/Plugins/2D/Paper2D/Content/DefaultSpriteMaterial.uasset" 130
"../../../Engine/Plugins/2D/Paper2D/Content/MaskedUnlitSpriteMaterial.uasset" 131
"../../../Engine/Plugins/2D/Paper2D/Content/OpaqueUnlitSpriteMaterial.uasset" 132
"../../../Engine/Plugins/2D/Paper2D/Content/DummySprite.uasset" 133
"../../../Engine/Plugins/2D/Paper2D/Content/DefaultPaperTerrainMaterial.uasset" 134
"../../../Engine/Plugins/Runtime/LeapMotionController/Content/LM_CapsuleMesh.uasset" 135
"../../../Engine/Plugins/Runtime/LeapMotionController/Content/LM_TorusMesh.uasset" 136
"../../../Engine/Plugins/Runtime/LeapMotionController/Content/LM_HandColor.uasset" 137
"../../../Engine/Plugins/Runtime/LeapMotionController/Content/LM_SampleDistortion.uasset" 138
"../../../Engine/Plugins/Runtime/LeapMotionController/Content/LM_TestTexture.uasset" 139
"../../../Engine/Plugins/Runtime/LeapMotionController/Content/LM_PassthroughMaterial.uasset" 140
"../../../Engine/Content/EngineMaterials/RemoveSurfaceMaterial.uasset" 141
"../../../Engine/Content/EngineDebugMaterials/DebugMeshMaterial.uasset" 142
"../../../Engine/Content/EngineMaterials/InvalidLightmapSettings.uasset" 143
"../../../Engine/Content/EngineMaterials/M_InvalidLightmapSettings.uasset" 144
"../../../Engine/Content/EditorMaterials/GizmoMaterial.uasset" 145
"../../../Engine/Content/EngineMaterials/Good64x64TilingNoiseHighFreq.uasset" 146
"../../../Engine/Content/EngineMaterials/DefaultBokeh.uasset" 147
"../../../Engine/Content/EngineMaterials/PreintegratedSkinBRDF.uasset" 148
"../../../Engine/Content/EngineMaterials/MiniFont.uasset" 149
"../../../Engine/Content/EngineMaterials/WeightMapPlaceholderTexture.uasset" 150
"../../../Engine/Content/EngineMaterials/DefaultPhysicalMaterial.uasset" 151
"../../../Engine/Content/EngineFonts/RobotoTiny.uasset" 152
"../../../Engine/Content/MobileResources/HUD/MobileHUDButton1_on.uasset" 153
"../../../Engine/Content/MobileResources/HUD/VirtualJoystick_Background.uasset" 154
"../../../Engine/Content/MobileResources/HUD/VirtualJoystick_Thumb.uasset" 155
"../../../Engine/Content/MobileResources/HUD/LeftVirtualJoystickOnly.uasset" 156
"../../../AI_FromScratch_01/Content/CommonAssets/SpawnPoint/Icons/SpawnPoint_Cyan.uasset" 157
"../../../AI_FromScratch_01/Content/CommonAssets/SpawnPoint/Icons/SpawnPoint_Black.uasset" 158
"../../../AI_FromScratch_01/Content/CommonAssets/SpawnPoint/Icons/SpawnPoint_Magenta.uasset" 159
"../../../Engine/Content/MobileResources/HUD/MobileHUDButtonFire.uasset" 160
"../../../Engine/Content/MobileResources/HUD/MobileHUDButton2_off.uasset" 161
"../../../Engine/Content/MobileResources/HUD/MobileHUDDirectionStick.uasset" 162
"../../../Engine/Content/MobileResources/HUD/MobileHUDButton3.uasset" 163
"../../../Engine/Content/MobileResources/HUD/MobileHUDButton1_off.uasset" 164
"../../../Engine/Content/MobileResources/T_MobileControls_texture.uasset" 165
"../../../Engine/Content/MobileResources/HUD/MobileHUDDirectionPad2.uasset" 166
"../../../AI_FromScratch_01/Content/CommonAssets/SpawnPoint/Icons/SpawnPoint_White.uasset" 167
"../../../AI_FromScratch_01/Content/Levels/03_LookForObjectsasd/Character_03_seeing.uasset" 168
"../../../AI_FromScratch_01/Content/Levels/03_LookForObjectsasd/Character_03_seeing_C.uasset" 169
"../../../Engine/Content/EditorMaterials/PhAT_JointLimitMaterial.uasset" 170
"../../../Engine/Content/EditorMaterials/PreviewShadowIndicator.uasset" 171
"../../../Engine/Content/EditorMaterials/PreviewShadowIndicatorMaterial.uasset" 172
"../../../Engine/Content/EditorMeshes/ColorCalibrator/M_ChromeBall.uasset" 173
"../../../Engine/Content/EditorMeshes/ColorCalibrator/M_ClearCoat.uasset" 174
"../../../Engine/Content/EditorMeshes/ColorCalibrator/M_ClearCoatBlack.uasset" 175
"../../../Engine/Content/EditorMeshes/ColorCalibrator/T_ColorGrid.uasset" 176
"../../../Engine/Content/EditorMeshes/ColorCalibrator/M_ColorGrid.uasset" 177
"../../../Engine/Content/EditorMeshes/ColorCalibrator/M_GreyBall.uasset" 178
"../../../Engine/Content/EditorMeshes/ColorCalibrator/SM_ColorCalibrator.uasset" 179
"../../../Engine/Content/EditorResources/BSPVertex.uasset" 180
"../../../Engine/Content/EditorResources/EmptyActor.uasset" 181
"../../../Engine/Content/EditorResources/LightIcons/S_LightError.uasset" 182
"../../../Engine/Content/EngineDebugMaterials/HeatmapGradient.uasset" 183
"../../../Engine/Content/EngineDebugMaterials/BoneWeightMaterial.uasset" 184
"../../../Engine/Content/EngineDebugMaterials/GeomMaterial.uasset" 185
"../../../Engine/Content/Functions/Engine_MaterialFunctions01/Shading/ConvertFromDiffSpec.uasset" 186
"../../../Engine/Content/EngineDebugMaterials/LevelColorationLitMaterial.uasset" 187
"../../../Engine/Content/EngineDebugMaterials/LevelColorationUnlitMaterial.uasset" 188
"../../../Engine/Content/EngineMaterials/DefaultWhiteGrid.uasset" 189
"../../../Engine/Content/EngineDebugMaterials/MAT_LevelColorationLitLightmapUV.uasset" 190
"../../../Engine/Content/EngineDebugMaterials/ShadedLevelColorationLitMaterial.uasset" 191
"../../../Engine/Content/EngineDebugMaterials/ShadedLevelColorationUnlitMateri.uasset" 192
"../../../Engine/Content/EngineDebugMaterials/VertexColorMaterial.uasset" 193
"../../../Engine/Content/EngineDebugMaterials/VertexColorViewMode_AlphaAsColor.uasset" 194
"../../../Engine/Content/EngineDebugMaterials/VertexColorViewMode_BlueOnly.uasset" 195
"../../../Engine/Content/EngineDebugMaterials/VertexColorViewMode_ColorOnly.uasset" 196
"../../../Engine/Content/EngineDebugMaterials/VertexColorViewMode_GreenOnly.uasset" 197
"../../../Engine/Content/EngineDebugMaterials/VertexColorViewMode_RedOnly.uasset" 198
"../../../Engine/Content/EngineDebugMaterials/WireframeMaterial.uasset" 199
"../../../Engine/Content/EngineMaterials/EditorBrushMaterial.uasset" 200
"../../../Engine/Content/MobileResources/T_MobileMenu2.uasset" 201
"../../../Engine/Content/MobileResources/HUD/AnalogHat.uasset" 202
"../../../Engine/Content/MobileResources/HUD/DefaultVirtualJoysticks.uasset" 203
"../../../Engine/Content/MobileResources/HUD/MobileHUDButton2_on.uasset" 204
"../../../Engine/Content/MobileResources/HUD/MobileHUDDirectionPad.uasset" 205
"../../../Engine/Content/MobileResources/HUD/MobileHUDDirectionPad3.uasset" 206
"../../../Engine/Content/MobileResources/HUD/T_Castle_ThumbstickInner.uasset" 207
"../../../Engine/Content/MobileResources/HUD/T_Castle_ThumbstickOutter.uasset" 208
"../../../Engine/Content/Tutorial/BlueprintTutorials/TutorialAssets/BlueprintInterface_64x.uasset" 209
"../../../Engine/Content/Tutorial/BlueprintTutorials/TutorialAssets/Tutorial_BP_Interface.uasset" 210
"../../../Engine/Content/Tutorial/BlueprintTutorials/BlueprintInterfacesEditorOverview.uasset" 211
"../../../Engine/Content/Tutorial/BlueprintTutorials/TutorialAssets/BlueprintMacroLibrary_64x.uasset" 212
"../../../Engine/Content/Tutorial/BlueprintTutorials/TutorialAssets/Tutorial_BP_MacroLib.uasset" 213
"../../../Engine/Content/Tutorial/BlueprintTutorials/BlueprintMacroLibrariesEditorOverview.uasset" 214
"../../../Engine/Content/Tutorial/Foliage/TutorialAssets/Foliage.uasset" 215
"../../../Engine/Content/Tutorial/Foliage/Foliage_Settings_Tutorial.uasset" 216
"../../../Engine/Content/Tutorial/Foliage/Foliage_Using_The_Tool_Tutorial.uasset" 217
"../../../Engine/Content/Tutorial/Foliage/Foliage_Intro_Tutorial.uasset" 218
"../../../Engine/Content/Tutorial/Landscape/TutorialAssets/Landscape.uasset" 219
"../../../Engine/Content/Tutorial/Landscape/Landscape_Painting_Mode.uasset" 220
"../../../Engine/Content/Tutorial/Landscape/Landscape_Sculpt_Mode.uasset" 221
"../../../Engine/Content/Tutorial/Landscape/Landscape_Manage_Mode.uasset" 222
"../../../Engine/Content/Tutorial/Paper2D/TutorialAssets/Paper2DFlipbook_TutorialIcon.uasset" 223
"../../../Engine/Content/Tutorial/Paper2D/FlipbookEditorTutorial.uasset" 224
"../../../Engine/Content/Tutorial/Paper2D/TutorialAssets/Paper2DSprite_TutorialIcon.uasset" 225
"../../../Engine/Content/Tutorial/Paper2D/SpriteEditorTutorial.uasset" 226
"../../../Engine/Content/EditorMeshes/EditorCube.uasset" 227
"../../../Engine/Content/Tutorial/SubEditors/TutorialAssets/Tutorial_DM.uasset" 228
"../../../Engine/Content/Tutorial/SubEditors/DestructibleMeshEditorTutorial.uasset" 229
"../../../Engine/Content/Tutorial/SubEditors/TutorialAssets/T_SmokeSubUV_8X8.uasset" 230
"../../../Engine/Content/Tutorial/SubEditors/TutorialAssets/T_soft_smoke.uasset" 231
"../../../Engine/Content/Tutorial/SubEditors/TutorialAssets/M_smoke_subUV_blackbody.uasset" 232
"../../../Engine/Content/Tutorial/SubEditors/TutorialAssets/TutorialParticleSystem.uasset" 233
"../../../Engine/Content/Tutorial/SubEditors/ParticleSystemEditorTutorial.uasset" 234
"../../../Engine/Content/Tutorial/SubEditors/TutorialAssets/icon_ShowSkeletalMeshes_40x.uasset" 235
"../../../Engine/Content/Tutorial/SubEditors/TutorialAssets/Character/TutorialTPP_Mat.uasset" 236
"../../../Engine/Content/Tutorial/SubEditors/TutorialAssets/Character/TutorialTPP_PhysicsAsset.uasset" 237
"../../../Engine/Content/Tutorial/SubEditors/TutorialAssets/Character/TutorialTPP.uasset" 238
"../../../Engine/Content/Tutorial/SubEditors/TutorialAssets/Character/TutorialTPP_Skeleton.uasset" 239
"../../../Engine/Content/Tutorial/SubEditors/TutorialAssets/Character/Tutorial_Idle.uasset" 240
"../../../Engine/Content/Tutorial/SubEditors/TutorialAssets/Character/Tutorial_Walk_Fwd.uasset" 241
"../../../Engine/Content/Tutorial/SubEditors/TutorialAssets/Character/NewBlendSpace1D.uasset" 242
"../../../Engine/Content/Tutorial/SubEditors/TutorialAssets/Character/TutorialCharacter.uasset" 243
"../../../Engine/Content/Tutorial/SubEditors/TutorialAssets/Character/TutorialTPP_AnimBlueprint.uasset" 244
"../../../Engine/Content/Tutorial/SubEditors/PersonaAnimBlueprintEditorWalkthrough.uasset" 245
"../../../Engine/Content/Tutorial/SubEditors/PersonaAnimEditorWalkthrough.uasset" 246
"../../../Engine/Content/Tutorial/SubEditors/PersonaAnimEditorTutorial.uasset" 247
"../../../Engine/Content/EngineMeshes/Cube.uasset" 248
"../../../Engine/Content/Tutorial/SubEditors/StaticMeshEditorTutorial.uasset" 249
"../../../Engine/Content/Tutorial/SubEditors/TutorialAssets/icon_Editor_Preferences_General_40x.uasset" 250
"../../../AI_FromScratch_01/Content/CommonAssets/NPC_Names.uasset" 251
"../../../AI_FromScratch_01/Content/CommonAssets/PickUp.uasset" 252
"../../../AI_FromScratch_01/Content/CommonAssets/PawnTest.uasset" 253
"../../../AI_FromScratch_01/Content/CommonAssets/SpawnPoint.uasset" 254
"../../../AI_FromScratch_01/Content/CommonAssets/SpawnPoint_Green.uasset" 255
"../../../AI_FromScratch_01/Content/CommonAssets/SpawnPoint_Red.uasset" 256
"../../../AI_FromScratch_01/Content/CommonAssets/TeamColors.uasset" 257
"../../../AI_FromScratch_01/Content/CommonAssets/SpawnPoint/SpawnPoint_Cyan.uasset" 258
"../../../AI_FromScratch_01/Content/Levels/03_LookForObject.uasset" 259
"../../../AI_FromScratch_01/Content/Levels/03_LookForObjectsasd/Character_02_seeing.uasset" 260
"../../../AI_FromScratch_01/Content/Levels/03_LookForObjectsasd/Character_02_seeing_C.uasset" 261
"../../../AI_FromScratch_01/Content/Levels/03_LookForObjectsasd/Character_03.uasset" 262
"../../../AI_FromScratch_01/Content/Levels/03_LookForObjectsasd/Character_03_C.uasset" 263
"../../../AI_FromScratch_01/Content/Levels/03_LookForObjectsasd/Default__Character_02_seeing_C.uasset" 264
"../../../AI_FromScratch_01/Content/Levels/03_LookForObjectsasd/Default__Character_03_C.uasset" 265
"../../../AI_FromScratch_01/Content/Levels/03_LookForObjectsasd/Default__Character_03_seeing_C.uasset" 266
"../../../AI_FromScratch_01/Content/Mannequin/Blueprints/NPC_Character.uasset" 267
"../../../AI_FromScratch_01/Content/NPC/Character/Materials/M_UE4Man_Body_Blue.uasset" 268
"../../../AI_FromScratch_01/Content/Mannequin/Character/Materials/M_UE4Man_Body_Blue.uasset" 269
"../../../AI_FromScratch_01/Content/NPC/Character/Materials/M_UE4Man_Body_Red.uasset" 270
"../../../AI_FromScratch_01/Content/Mannequin/Character/Materials/M_UE4Man_Body_Red.uasset" 271
"../../../AI_FromScratch_01/Content/NPC/AI/Tasks/BTT_CleanPickupFromBB.uasset" 272
"../../../AI_FromScratch_01/Content/NPC/AI/Tasks/BTT_LookForTarget.uasset" 273
"../../../AI_FromScratch_01/Content/NPC/Blueprints/Default__TopDownCharacter_C.uasset" 274
"../../../AI_FromScratch_01/Content/NPC/Blueprints/TopDownCharacter.uasset" 275
"../../../AI_FromScratch_01/Content/NPC/Blueprints/TopDownCharacter_C.uasset" 276
