"C:/Users/silvio/Documents/Unreal Projects/AI_FromScratch_01/AI_FromScratch_01.uproject" 1
"../../../Engine/Plugins/2D/Paper2D/Paper2D.uplugin" 2
"../../../Engine/Plugins/Blendables/LightPropagationVolume/LightPropagationVolume.uplugin" 3
"../../../Engine/Plugins/Developer/BlankPlugin/BlankPlugin.uplugin" 4
"../../../Engine/Plugins/Developer/CodeLiteSourceCodeAccess/CodeLiteSourceCodeAccess.uplugin" 5
"../../../Engine/Plugins/Developer/GitSourceControl/GitSourceControl.uplugin" 6
"../../../Engine/Plugins/Developer/KDevelopSourceCodeAccess/KDevelopSourceCodeAccess.uplugin" 7
"../../../Engine/Plugins/Developer/NullSourceCodeAccess/NullSourceCodeAccess.uplugin" 8
"../../../Engine/Plugins/Developer/OneSkyLocalizationService/OneSkyLocalizationService.uplugin" 9
"../../../Engine/Plugins/Developer/PerforceSourceControl/PerforceSourceControl.uplugin" 10
"../../../Engine/Plugins/Developer/SubversionSourceControl/SubversionSourceControl.uplugin" 11
"../../../Engine/Plugins/Developer/UObjectPlugin/UObjectPlugin.uplugin" 12
"../../../Engine/Plugins/Developer/VisualStudioSourceCodeAccess/VisualStudioSourceCodeAccess.uplugin" 13
"../../../Engine/Plugins/Developer/XCodeSourceCodeAccess/XCodeSourceCodeAccess.uplugin" 14
"../../../Engine/Plugins/Editor/EpicSurvey/EpicSurvey.uplugin" 15
"../../../Engine/Plugins/Editor/MacGraphicsSwitching/MacGraphicsSwitching.uplugin" 16
"../../../Engine/Plugins/Editor/PluginBrowser/PluginBrowser.uplugin" 17
"../../../Engine/Plugins/Editor/SpeedTreeImporter/SpeedTreeImporter.uplugin" 18
"../../../Engine/Plugins/Experimental/BlueprintStats/BlueprintStats.uplugin" 19
"../../../Engine/Plugins/Experimental/CharacterAI/CharacterAI.uplugin" 20
"../../../Engine/Plugins/Experimental/CodeEditor/CodeEditor.uplugin" 21
"../../../Engine/Plugins/Experimental/CodeView/CodeView.uplugin" 22
"../../../Engine/Plugins/Experimental/HTML5Networking/HTML5Networking.uplugin" 23
"../../../Engine/Plugins/Experimental/LiveEditor/LiveEditor.uplugin" 24
"../../../Engine/Plugins/Experimental/Phya/Phya.uplugin" 25
"../../../Engine/Plugins/Experimental/SimpleHMD/SimpleHMD.uplugin" 26
"../../../Engine/Plugins/Experimental/StructBox/StructBox.uplugin" 27
"../../../Engine/Plugins/Media/AndroidMedia/AndroidMedia.uplugin" 28
"../../../Engine/Plugins/Media/AvfMedia/AvfMedia.uplugin" 29
"../../../Engine/Plugins/Media/MediaPlayerEditor/MediaPlayerEditor.uplugin" 30
"../../../Engine/Plugins/Media/WmfMedia/WmfMedia.uplugin" 31
"../../../Engine/Plugins/Messaging/MessagingDebugger/MessagingDebugger.uplugin" 32
"../../../Engine/Plugins/Messaging/UdpMessaging/UdpMessaging.uplugin" 33
"../../../Engine/Plugins/NetcodeUnitTest/NetcodeUnitTest/NetcodeUnitTest.uplugin" 34
"../../../Engine/Plugins/NetcodeUnitTest/NUTUnrealEngine4/NUTUnrealEngine4.uplugin" 35
"../../../Engine/Plugins/Runtime/Advertising/IOSTapJoy/IOSTapJoy.uplugin" 36
"../../../Engine/Plugins/Runtime/Analytics/AnalyticsBlueprintLibrary/AnalyticsBlueprintLibrary.uplugin" 37
"../../../Engine/Plugins/Runtime/Analytics/AnalyticsMulticast/AnalyticsMulticast.uplugin" 38
"../../../Engine/Plugins/Runtime/Analytics/Apsalar/IOSApsalar/IOSApsalar.uplugin" 39
"../../../Engine/Plugins/Runtime/Analytics/FileLogging/FileLogging.uplugin" 40
"../../../Engine/Plugins/Runtime/Analytics/Flurry/IOSFlurry/IOSFlurry.uplugin" 41
"../../../Engine/Plugins/Runtime/AndroidDeviceProfileSelector/AndroidDeviceProfileSelector.uplugin" 42
"../../../Engine/Plugins/Runtime/AndroidMoviePlayer/AndroidMoviePlayer.uplugin" 43
"../../../Engine/Plugins/Runtime/AppleMoviePlayer/AppleMoviePlayer.uplugin" 44
"../../../Engine/Plugins/Runtime/ArchVisCharacter/ArchVisCharacter.uplugin" 45
"../../../Engine/Plugins/Runtime/CableComponent/CableComponent.uplugin" 46
"../../../Engine/Plugins/Runtime/CustomMeshComponent/CustomMeshComponent.uplugin" 47
"../../../Engine/Plugins/Runtime/ExampleDeviceProfileSelector/ExampleDeviceProfileSelector.uplugin" 48
"../../../Engine/Plugins/Runtime/GearVR/GearVR.uplugin" 49
"../../../Engine/Plugins/Runtime/IOSDeviceProfileSelector/IOSDeviceProfileSelector.uplugin" 50
"../../../Engine/Plugins/Runtime/LeapMotionController/LeapMotionController.uplugin" 51
"../../../Engine/Plugins/Runtime/LiveEditorListenServer/LiveEditorListenServer.uplugin" 52
"../../../Engine/Plugins/Runtime/OculusAudio/OculusAudio.uplugin" 53
"../../../Engine/Plugins/Runtime/OculusLibrary/OculusLibrary.uplugin" 54
"../../../Engine/Plugins/Runtime/OculusRift/OculusRift.uplugin" 55
"../../../Engine/Plugins/Runtime/ProceduralMeshComponent/ProceduralMeshComponent.uplugin" 56
"../../../Engine/Plugins/Runtime/SoundMod/SoundMod.uplugin" 57
"../../../Engine/Plugins/Runtime/SoundVisualizations/SoundVisualizations.uplugin" 58
"../../../Engine/Plugins/Runtime/Steam/SteamController/SteamController.uplugin" 59
"../../../Engine/Plugins/Runtime/Steam/SteamVR/SteamVR.uplugin" 60
"../../../Engine/Plugins/Runtime/WebBrowserWidget/WebBrowserWidget.uplugin" 61
"../../../Engine/Plugins/Runtime/WindowsDeviceProfileSelector/WindowsDeviceProfileSelector.uplugin" 62
"../../../Engine/Plugins/Runtime/WindowsMoviePlayer/WindowsMoviePlayer.uplugin" 63
"../../../Engine/Plugins/ScriptGeneratorPlugin/ScriptGeneratorPlugin.uplugin" 64
"../../../Engine/Plugins/ScriptPlugin/ScriptPlugin.uplugin" 65
"../../../Engine/Plugins/Slate/SlateRemote/SlateRemote.uplugin" 66
"..\..\..\Engine\Content\Internationalization\icudt53l\cnvalias.icu" 67
"..\..\..\Engine\Content\Internationalization\icudt53l\en_US_POSIX.res" 68
"..\..\..\Engine\Content\Internationalization\icudt53l\pool.res" 69
"..\..\..\Engine\Content\Internationalization\icudt53l\en_US.res" 70
"..\..\..\Engine\Content\Internationalization\icudt53l\en.res" 71
"..\..\..\Engine\Content\Internationalization\icudt53l\root.res" 72
"..\..\..\Engine\Content\Internationalization\icudt53l\it_IT.res" 73
"..\..\..\Engine\Content\Internationalization\icudt53l\it.res" 74
"C:/Users/silvio/AppData/Local/UnrealEngine/4.9/Saved/Config/Windows/Manifest.ini" 75
"../../../Engine/Config/Base.ini" 76
"../../../Engine/Config/BaseEngine.ini" 77
"C:/Users/silvio/Documents/Unreal Projects/AI_FromScratch_01/Config/DefaultEngine.ini" 78
"../../../Engine/Config/Windows/WindowsEngine.ini" 79
"C:/Users/silvio/Documents/Unreal Projects/AI_FromScratch_01/Saved/Config/Windows/Engine.ini" 80
"../../../../../../Users/silvio/Documents/Unreal Projects/AI_FromScratch_01/Intermediate/Config/CoalescedSourceConfigs/Engine.ini" 81
"../../../Engine/Config/BaseGame.ini" 82
"C:/Users/silvio/Documents/Unreal Projects/AI_FromScratch_01/Config/DefaultGame.ini" 83
"C:/Users/silvio/Documents/Unreal Projects/AI_FromScratch_01/Saved/Config/Windows/Game.ini" 84
"../../../../../../Users/silvio/Documents/Unreal Projects/AI_FromScratch_01/Intermediate/Config/CoalescedSourceConfigs/Game.ini" 85
"../../../Engine/Config/BaseInput.ini" 86
"C:/Users/silvio/Documents/Unreal Projects/AI_FromScratch_01/Saved/Config/Windows/Input.ini" 87
"../../../../../../Users/silvio/Documents/Unreal Projects/AI_FromScratch_01/Intermediate/Config/CoalescedSourceConfigs/Input.ini" 88
"../../../Engine/Config/BaseEditor.ini" 89
"C:/Users/silvio/Documents/Unreal Projects/AI_FromScratch_01/Config/DefaultEditor.ini" 90
"C:/Users/silvio/Documents/Unreal Projects/AI_FromScratch_01/Saved/Config/Windows/Editor.ini" 91
"../../../../../../Users/silvio/Documents/Unreal Projects/AI_FromScratch_01/Intermediate/Config/CoalescedSourceConfigs/Editor.ini" 92
"../../../Engine/Config/BaseEditorPerProjectUserSettings.ini" 93
"C:/Users/silvio/Documents/Unreal Projects/AI_FromScratch_01/Saved/Config/Windows/EditorPerProjectUserSettings.ini" 94
"../../../../../../Users/silvio/Documents/Unreal Projects/AI_FromScratch_01/Intermediate/Config/CoalescedSourceConfigs/EditorPerProjectUserSettings.ini" 95
"../../../Engine/Config/BaseEditorSettings.ini" 96
"C:/Users/silvio/AppData/Local/UnrealEngine/4.9/Saved/Config/Windows/EditorSettings.ini" 97
"../../../../../../Users/silvio/Documents/Unreal Projects/AI_FromScratch_01/Intermediate/Config/CoalescedSourceConfigs/EditorSettings.ini" 98
"../../../Engine/Config/BaseEditorLayout.ini" 99
"C:/Users/silvio/AppData/Local/UnrealEngine/4.9/Saved/Config/Windows/EditorLayout.ini" 100
"../../../../../../Users/silvio/Documents/Unreal Projects/AI_FromScratch_01/Intermediate/Config/CoalescedSourceConfigs/EditorLayout.ini" 101
"../../../Engine/Config/BaseEditorKeyBindings.ini" 102
"C:/Users/silvio/AppData/Local/UnrealEngine/4.9/Saved/Config/Windows/EditorKeyBindings.ini" 103
"../../../../../../Users/silvio/Documents/Unreal Projects/AI_FromScratch_01/Intermediate/Config/CoalescedSourceConfigs/EditorKeyBindings.ini" 104
"../../../Engine/Config/BaseCompat.ini" 105
"C:/Users/silvio/Documents/Unreal Projects/AI_FromScratch_01/Saved/Config/Windows/Compat.ini" 106
"../../../../../../Users/silvio/Documents/Unreal Projects/AI_FromScratch_01/Intermediate/Config/CoalescedSourceConfigs/Compat.ini" 107
"../../../Engine/Config/BaseLightmass.ini" 108
"C:/Users/silvio/Documents/Unreal Projects/AI_FromScratch_01/Saved/Config/Windows/Lightmass.ini" 109
"../../../../../../Users/silvio/Documents/Unreal Projects/AI_FromScratch_01/Intermediate/Config/CoalescedSourceConfigs/Lightmass.ini" 110
"../../../Engine/Config/BaseScalability.ini" 111
"C:/Users/silvio/Documents/Unreal Projects/AI_FromScratch_01/Saved/Config/Windows/Scalability.ini" 112
"../../../../../../Users/silvio/Documents/Unreal Projects/AI_FromScratch_01/Intermediate/Config/CoalescedSourceConfigs/Scalability.ini" 113
"C:/Users/silvio/Documents/Unreal Projects/AI_FromScratch_01/Saved/Config/Windows/GameUserSettings.ini" 114
"../../../../../../Users/silvio/Documents/Unreal Projects/AI_FromScratch_01/Intermediate/Config/CoalescedSourceConfigs/GameUserSettings.ini" 115
"../../../Engine/Config/BaseDeviceProfiles.ini" 116
"C:/Users/silvio/Documents/Unreal Projects/AI_FromScratch_01/Saved/Config/Windows/DeviceProfiles.ini" 117
"../../../../../../Users/silvio/Documents/Unreal Projects/AI_FromScratch_01/Intermediate/Config/CoalescedSourceConfigs/DeviceProfiles.ini" 118
"../../../Engine/Config/ConsoleVariables.ini" 119
"..\..\..\Engine\Content\Internationalization\icudt53l\es.res" 120
"..\..\..\Engine\Content\Internationalization\icudt53l\ja.res" 121
"..\..\..\Engine\Content\Internationalization\icudt53l\ko.res" 122
"..\..\..\Engine\Content\Internationalization\icudt53l\pt_BR.res" 123
"..\..\..\Engine\Content\Internationalization\icudt53l\pt.res" 124
"..\..\..\Engine\Content\Internationalization\icudt53l\zh_CN.res" 125
"..\..\..\Engine\Content\Internationalization\icudt53l\zh_Hans_CN.res" 126
"..\..\..\Engine\Content\Internationalization\icudt53l\zh_Hans.res" 127
"..\..\..\Engine\Content\Internationalization\icudt53l\zh.res" 128
"C:/Program Files/Epic Games/4.9/Engine/Content/Localization/Engine/en/Engine.locres" 129
"C:/Program Files/Epic Games/4.9/Engine/Content/Localization/Editor/en/Editor.locres" 130
"C:/Program Files/Epic Games/4.9/Engine/Content/Localization/EditorTutorials/en/EditorTutorials.locres" 131
"C:/Program Files/Epic Games/4.9/Engine/Content/Localization/Keywords/en/Keywords.locres" 132
"C:/Program Files/Epic Games/4.9/Engine/Content/Localization/Category/en/Category.locres" 133
"C:/Program Files/Epic Games/4.9/Engine/Content/Localization/ToolTips/en/ToolTips.locres" 134
"C:/Program Files/Epic Games/4.9/Engine/Content/Localization/PropertyNames/en/PropertyNames.locres" 135
"../../../Engine/Content/Slate/Fonts/Roboto-Regular.ttf" 136
"../../../Engine/Content/Slate/Fonts/DroidSansMono.ttf" 137
"../../../Engine/Content/Slate/Fonts/Roboto-Bold.ttf" 138
"../../../Engine/Content/Slate/Fonts/Roboto-Light.ttf" 139
"C:/Program Files/Epic Games/4.9/Engine/Binaries/Win64/../../../Engine/Shaders/ParticleSpriteVertexFactory.usf" 140
"C:/Program Files/Epic Games/4.9/Engine/Binaries/Win64/../../../Engine/Shaders/VertexFactoryCommon.usf" 141
"C:/Program Files/Epic Games/4.9/Engine/Binaries/Win64/../../../Engine/Shaders/Common.usf" 142
"C:/Program Files/Epic Games/4.9/Engine/Binaries/Win64/../../../Engine/Shaders/MetalCommon.usf" 143
"C:/Program Files/Epic Games/4.9/Engine/Binaries/Win64/../../../Engine/Shaders/ShaderVersion.usf" 144
"C:/Program Files/Epic Games/4.9/Engine/Binaries/Win64/../../../Engine/Shaders/CommonViewUniformBuffer.usf" 145
"C:/Program Files/Epic Games/4.9/Engine/Binaries/Win64/../../../Engine/Shaders/Definitions.usf" 146
"C:/Program Files/Epic Games/4.9/Engine/Binaries/Win64/../../../Engine/Shaders/Random.usf" 147
"C:/Program Files/Epic Games/4.9/Engine/Binaries/Win64/../../../Engine/Shaders/ParticleVertexFactoryCommon.usf" 148
"C:/Program Files/Epic Games/4.9/Engine/Binaries/Win64/../../../Engine/Shaders/ParticleGPUSpriteVertexFactory.usf" 149
"C:/Program Files/Epic Games/4.9/Engine/Binaries/Win64/../../../Engine/Shaders/ParticleBeamTrailVertexFactory.usf" 150
"C:/Program Files/Epic Games/4.9/Engine/Binaries/Win64/../../../Engine/Shaders/LocalVertexFactory.usf" 151
"C:/Program Files/Epic Games/4.9/Engine/Binaries/Win64/../../../Engine/Shaders/LocalVertexFactoryCommon.usf" 152
"C:/Program Files/Epic Games/4.9/Engine/Binaries/Win64/../../../Engine/Shaders/VectorFieldVisualizationVertexFactory.usf" 153
"C:/Program Files/Epic Games/4.9/Engine/Binaries/Win64/../../../Engine/Shaders/MeshParticleVertexFactory.usf" 154
"C:/Program Files/Epic Games/4.9/Engine/Binaries/Win64/../../../Engine/Shaders/GpuSkinVertexFactory.usf" 155
"C:/Program Files/Epic Games/4.9/Engine/Binaries/Win64/../../../Engine/Shaders/GpuSkinCacheCommon.usf" 156
"C:/Program Files/Epic Games/4.9/Engine/Binaries/Win64/../../../Engine/Shaders/LandscapeVertexFactory.usf" 157
"C:/Program Files/Epic Games/4.9/Engine/Binaries/Win64/../../../Engine/Shaders/SlateElementPixelShader.usf" 158
"C:/Program Files/Epic Games/4.9/Engine/Binaries/Win64/../../../Engine/Shaders/GammaCorrectionCommon.usf" 159
"C:/Program Files/Epic Games/4.9/Engine/Binaries/Win64/../../../Engine/Shaders/MaterialTemplate.usf" 160
"C:/Program Files/Epic Games/4.9/Engine/Binaries/Win64/../../../Engine/Shaders/DepthOfFieldCommon.usf" 161
"C:/Program Files/Epic Games/4.9/Engine/Binaries/Win64/../../../Engine/Shaders/GlobalDistanceFieldShared.usf" 162
"C:/Program Files/Epic Games/4.9/Engine/Binaries/Win64/../../../Engine/Shaders/SpeedTreeCommon.usf" 163
"C:/Program Files/Epic Games/4.9/Engine/Binaries/Win64/../../../Engine/Shaders/AtmosphereCommon.usf" 164
"C:/Program Files/Epic Games/4.9/Engine/Binaries/Win64/../../../Engine/Shaders/PaniniProjection.usf" 165
"C:/Program Files/Epic Games/4.9/Engine/Binaries/Win64/../../../Engine/Shaders/EyeAdaptationCommon.usf" 166
"C:/Program Files/Epic Games/4.9/Engine/Binaries/Win64/../../../Engine/Shaders/PostProcessCommon.usf" 167
"C:/Program Files/Epic Games/4.9/Engine/Binaries/Win64/../../../Engine/Shaders/DeferredShadingCommon.usf" 168
"C:/Program Files/Epic Games/4.9/Engine/Binaries/Win64/../../../Engine/Shaders/LightAccumulator.usf" 169
"C:/Program Files/Epic Games/4.9/Engine/Binaries/Win64/../../../Engine/Shaders/SlateVertexShader.usf" 170
"C:/Program Files/Epic Games/4.9/Engine/Binaries/Win64/../../../Engine/Shaders/ParticleSortKeyGen.usf" 171
"C:/Program Files/Epic Games/4.9/Engine/Binaries/Win64/../../../Engine/Shaders/ParticleBoundsShader.usf" 172
"C:/Program Files/Epic Games/4.9/Engine/Binaries/Win64/../../../Engine/Shaders/ParticleSimVisualizeShader.usf" 173
"C:/Program Files/Epic Games/4.9/Engine/Binaries/Win64/../../../Engine/Shaders/ParticleInjectionShader.usf" 174
"C:/Program Files/Epic Games/4.9/Engine/Binaries/Win64/../../../Engine/Shaders/ParticleSimulationShader.usf" 175
"C:/Program Files/Epic Games/4.9/Engine/Binaries/Win64/../../../Engine/Shaders/ParticleCurveInjectionShader.usf" 176
"C:/Program Files/Epic Games/4.9/Engine/Binaries/Win64/../../../Engine/Shaders/VectorFieldCompositeShaders.usf" 177
"C:/Program Files/Epic Games/4.9/Engine/Binaries/Win64/../../../Engine/Shaders/UpdateTextureShaders.usf" 178
"C:/Program Files/Epic Games/4.9/Engine/Binaries/Win64/../../../Engine/Shaders/SimpleElementColorChannelMaskPixelShader.usf" 179
"C:/Program Files/Epic Games/4.9/Engine/Binaries/Win64/../../../Engine/Shaders/SimpleElementPixelShader.usf" 180
"C:/Program Files/Epic Games/4.9/Engine/Binaries/Win64/../../../Engine/Shaders/ColorUtils.usf" 181
"C:/Program Files/Epic Games/4.9/Engine/Binaries/Win64/../../../Engine/Shaders/IESLightProfilesCommon.usf" 182
"C:/Program Files/Epic Games/4.9/Engine/Binaries/Win64/../../../Engine/Shaders/SimpleElementHitProxyPixelShader.usf" 183
"C:/Program Files/Epic Games/4.9/Engine/Binaries/Win64/../../../Engine/Shaders/SimpleElementVertexShader.usf" 184
"C:/Program Files/Epic Games/4.9/Engine/Binaries/Win64/../../../Engine/Shaders/ScreenVertexShader.usf" 185
"C:/Program Files/Epic Games/4.9/Engine/Binaries/Win64/../../../Engine/Shaders/ScreenPixelShader.usf" 186
"C:/Program Files/Epic Games/4.9/Engine/Binaries/Win64/../../../Engine/Shaders/RadixSortShaders.usf" 187
"C:/Program Files/Epic Games/4.9/Engine/Binaries/Win64/../../../Engine/Shaders/GpuSkinCacheComputeShader.usf" 188
"C:/Program Files/Epic Games/4.9/Engine/Binaries/Win64/../../../Engine/Shaders/NullPixelShader.usf" 189
"C:/Program Files/Epic Games/4.9/Engine/Binaries/Win64/../../../Engine/Shaders/LandscapeGrassWeight.usf" 190
"C:/Program Files/Epic Games/4.9/Engine/Binaries/Win64/../../../Engine/Shaders/VisualizeTexture.usf" 191
"C:/Program Files/Epic Games/4.9/Engine/Binaries/Win64/../../../Engine/Shaders/ScreenSpaceReflections.usf" 192
"C:/Program Files/Epic Games/4.9/Engine/Binaries/Win64/../../../Engine/Shaders/BRDF.usf" 193
"C:/Program Files/Epic Games/4.9/Engine/Binaries/Win64/../../../Engine/Shaders/MonteCarlo.usf" 194
"C:/Program Files/Epic Games/4.9/Engine/Binaries/Win64/../../../Engine/Shaders/ScreenSpaceRayCast.usf" 195
"C:/Program Files/Epic Games/4.9/Engine/Binaries/Win64/../../../Engine/Shaders/FilterVertexShader.usf" 196
"C:/Program Files/Epic Games/4.9/Engine/Binaries/Win64/../../../Engine/Shaders/FilterPixelShader.usf" 197
"C:/Program Files/Epic Games/4.9/Engine/Binaries/Win64/../../../Engine/Shaders/PostProcessVisualizeHDR.usf" 198
"C:/Program Files/Epic Games/4.9/Engine/Binaries/Win64/../../../Engine/Shaders/PostProcessHistogramCommon.usf" 199
"C:/Program Files/Epic Games/4.9/Engine/Binaries/Win64/../../../Engine/Shaders/TonemapCommon.usf" 200
"C:/Program Files/Epic Games/4.9/Engine/Binaries/Win64/../../../Engine/Shaders/ACES.usf" 201
"C:/Program Files/Epic Games/4.9/Engine/Binaries/Win64/../../../Engine/Shaders/MiniFontCommon.usf" 202
"C:/Program Files/Epic Games/4.9/Engine/Binaries/Win64/../../../Engine/Shaders/PostProcessVisualizeBuffer.usf" 203
"C:/Program Files/Epic Games/4.9/Engine/Binaries/Win64/../../../Engine/Shaders/PostProcessUpscale.usf" 204
"C:/Program Files/Epic Games/4.9/Engine/Binaries/Win64/../../../Engine/Shaders/PostProcessTonemap.usf" 205
"C:/Program Files/Epic Games/4.9/Engine/Binaries/Win64/../../../Engine/Shaders/PostProcessTestImage.usf" 206
"C:/Program Files/Epic Games/4.9/Engine/Binaries/Win64/../../../Engine/Shaders/PostProcessTemporalAA.usf" 207
"C:/Program Files/Epic Games/4.9/Engine/Binaries/Win64/../../../Engine/Shaders/PostProcessTemporalCommon.usf" 208
"C:/Program Files/Epic Games/4.9/Engine/Binaries/Win64/../../../Engine/Shaders/PostProcessSubsurface.usf" 209
"C:/Program Files/Epic Games/4.9/Engine/Binaries/Win64/../../../Engine/Shaders/SeparableSSS.usf" 210
"C:/Program Files/Epic Games/4.9/Engine/Binaries/Win64/../../../Engine/Shaders/PostProcessSelectionOutline.usf" 211
"C:/Program Files/Epic Games/4.9/Engine/Binaries/Win64/../../../Engine/Shaders/PostProcessSceneColorFringe.usf" 212
"C:/Program Files/Epic Games/4.9/Engine/Binaries/Win64/../../../Engine/Shaders/PostProcessNoiseBlur.usf" 213
"C:/Program Files/Epic Games/4.9/Engine/Binaries/Win64/../../../Engine/Shaders/PostProcessMotionBlur.usf" 214
"C:/Program Files/Epic Games/4.9/Engine/Binaries/Win64/../../../Engine/Shaders/FastMath.usf" 215
"C:/Program Files/Epic Games/4.9/Engine/Binaries/Win64/../../../Engine/Shaders/PostProcessVelocityFlatten.usf" 216
"C:/Program Files/Epic Games/4.9/Engine/Binaries/Win64/../../../Engine/Shaders/MorpheusInclude.usf" 217
"C:/Program Files/Epic Games/4.9/Engine/Binaries/Win64/../../../Engine/Shaders/PostProcessMobile.usf" 218
"C:/Program Files/Epic Games/4.9/Engine/Binaries/Win64/../../../Engine/Shaders/PostProcessMaterialShaders.usf" 219
"C:/Program Files/Epic Games/4.9/Engine/Binaries/Win64/../../../Engine/Shaders/PostProcessLensFlares.usf" 220
"C:/Program Files/Epic Games/4.9/Engine/Binaries/Win64/../../../Engine/Shaders/PostProcessLensBlur.usf" 221
"C:/Program Files/Epic Games/4.9/Engine/Binaries/Win64/../../../Engine/Shaders/PostProcessBloom.usf" 222
"C:/Program Files/Epic Games/4.9/Engine/Binaries/Win64/../../../Engine/Shaders/PostProcessHMD.usf" 223
"C:/Program Files/Epic Games/4.9/Engine/Binaries/Win64/../../../Engine/Shaders/PostProcessHistogramReduce.usf" 224
"C:/Program Files/Epic Games/4.9/Engine/Binaries/Win64/../../../Engine/Shaders/PostProcessHistogram.usf" 225
"C:/Program Files/Epic Games/4.9/Engine/Binaries/Win64/../../../Engine/Shaders/PostProcessHierarchical.usf" 226
"C:/Program Files/Epic Games/4.9/Engine/Binaries/Win64/../../../Engine/Shaders/PostProcessGBufferHints.usf" 227
"C:/Program Files/Epic Games/4.9/Engine/Binaries/Win64/../../../Engine/Shaders/PostProcessEyeAdaptation.usf" 228
"C:/Program Files/Epic Games/4.9/Engine/Binaries/Win64/../../../Engine/Shaders/PostProcessDownsample.usf" 229
"C:/Program Files/Epic Games/4.9/Engine/Binaries/Win64/../../../Engine/Shaders/PostProcessDOF.usf" 230
"C:/Program Files/Epic Games/4.9/Engine/Binaries/Win64/../../../Engine/Shaders/PostProcessCompositeEditorPrimitives.usf" 231
"C:/Program Files/Epic Games/4.9/Engine/Binaries/Win64/../../../Engine/Shaders/PostProcessCombineLUTs.usf" 232
"C:/Program Files/Epic Games/4.9/Engine/Binaries/Win64/../../../Engine/Shaders/PostProcessCircleDOF.usf" 233
"C:/Program Files/Epic Games/4.9/Engine/Binaries/Win64/../../../Engine/Shaders/CircleDOFCommon.usf" 234
"C:/Program Files/Epic Games/4.9/Engine/Binaries/Win64/../../../Engine/Shaders/PostProcessBusyWait.usf" 235
"C:/Program Files/Epic Games/4.9/Engine/Binaries/Win64/../../../Engine/Shaders/PostProcessBokehDOF.usf" 236
"C:/Program Files/Epic Games/4.9/Engine/Binaries/Win64/../../../Engine/Shaders/PostProcessVisualizeDOF.usf" 237
"C:/Program Files/Epic Games/4.9/Engine/Binaries/Win64/../../../Engine/Shaders/FXAAShader.usf" 238
"C:/Program Files/Epic Games/4.9/Engine/Binaries/Win64/../../../Engine/Shaders/Fxaa3_11.usf" 239
"C:/Program Files/Epic Games/4.9/Engine/Binaries/Win64/../../../Engine/Shaders/PostProcessPassThrough.usf" 240
"C:/Program Files/Epic Games/4.9/Engine/Binaries/Win64/../../../Engine/Shaders/PostProcessLpvIndirect.usf" 241
"C:/Program Files/Epic Games/4.9/Engine/Binaries/Win64/../../../Engine/Shaders/DeferredLightingCommon.usf" 242
"C:/Program Files/Epic Games/4.9/Engine/Binaries/Win64/../../../Engine/Shaders/DynamicLightingCommon.usf" 243
"C:/Program Files/Epic Games/4.9/Engine/Binaries/Win64/../../../Engine/Shaders/ShadingModels.usf" 244
"C:/Program Files/Epic Games/4.9/Engine/Binaries/Win64/../../../Engine/Shaders/LPVFinalPass.usf" 245
"C:/Program Files/Epic Games/4.9/Engine/Binaries/Win64/../../../Engine/Shaders/LPVCommon.usf" 246
"C:/Program Files/Epic Games/4.9/Engine/Binaries/Win64/../../../Engine/Shaders/DeferredDecal.usf" 247
"C:/Program Files/Epic Games/4.9/Engine/Binaries/Win64/../../../Engine/Shaders/PostProcessAmbientOcclusion.usf" 248
"C:/Program Files/Epic Games/4.9/Engine/Binaries/Win64/../../../Engine/Shaders/PostProcessAmbient.usf" 249
"C:/Program Files/Epic Games/4.9/Engine/Binaries/Win64/../../../Engine/Shaders/CubemapCommon.usf" 250
"C:/Program Files/Epic Games/4.9/Engine/Binaries/Win64/../../../Engine/Shaders/VelocityShader.usf" 251
"C:/Program Files/Epic Games/4.9/Engine/Binaries/Win64/../../../Engine/Shaders/VelocityCommon.usf" 252
"C:/Program Files/Epic Games/4.9/Engine/Binaries/Win64/../../../Engine/Shaders/Tessellation.usf" 253
"C:/Program Files/Epic Games/4.9/Engine/Binaries/Win64/../../../Engine/Shaders/FlatTessellation.usf" 254
"C:/Program Files/Epic Games/4.9/Engine/Binaries/Win64/../../../Engine/Shaders/PNTriangles.usf" 255
"C:/Program Files/Epic Games/4.9/Engine/Binaries/Win64/../../../Engine/Shaders/TranslucentLightingShaders.usf" 256
"C:/Program Files/Epic Games/4.9/Engine/Binaries/Win64/../../../Engine/Shaders/SHCommon.usf" 257
"C:/Program Files/Epic Games/4.9/Engine/Binaries/Win64/../../../Engine/Shaders/ShadowProjectionCommon.usf" 258
"C:/Program Files/Epic Games/4.9/Engine/Binaries/Win64/../../../Engine/Shaders/TranslucentLightInjectionShaders.usf" 259
"C:/Program Files/Epic Games/4.9/Engine/Binaries/Win64/../../../Engine/Shaders/LightFunctionCommon.usf" 260
"C:/Program Files/Epic Games/4.9/Engine/Binaries/Win64/../../../Engine/Shaders/TranslucentShadowDepthShaders.usf" 261
"C:/Program Files/Epic Games/4.9/Engine/Binaries/Win64/../../../Engine/Shaders/ShadowDepthCommon.usf" 262
"C:/Program Files/Epic Games/4.9/Engine/Binaries/Win64/../../../Engine/Shaders/TiledDeferredLightShaders.usf" 263
"C:/Program Files/Epic Games/4.9/Engine/Binaries/Win64/../../../Engine/Shaders/SurfelTree.usf" 264
"C:/Program Files/Epic Games/4.9/Engine/Binaries/Win64/../../../Engine/Shaders/DistanceFieldLightingShared.usf" 265
"C:/Program Files/Epic Games/4.9/Engine/Binaries/Win64/../../../Engine/Shaders/SurfelMaterialShared.usf" 266
"C:/Program Files/Epic Games/4.9/Engine/Binaries/Win64/../../../Engine/Shaders/DistanceFieldAOShared.usf" 267
"C:/Program Files/Epic Games/4.9/Engine/Binaries/Win64/../../../Engine/Shaders/ShadowProjectionPixelShader.usf" 268
"C:/Program Files/Epic Games/4.9/Engine/Binaries/Win64/../../../Engine/Shaders/ShadowFilteringCommon.usf" 269
"C:/Program Files/Epic Games/4.9/Engine/Binaries/Win64/../../../Engine/Shaders/ShadowProjectionVertexShader.usf" 270
"C:/Program Files/Epic Games/4.9/Engine/Binaries/Win64/../../../Engine/Shaders/ShadowDepthPixelShader.usf" 271
"C:/Program Files/Epic Games/4.9/Engine/Binaries/Win64/../../../Engine/Shaders/LPVWriteVplCommon.usf" 272
"C:/Program Files/Epic Games/4.9/Engine/Binaries/Win64/../../../Engine/Shaders/LPVWriteCommon.usf" 273
"C:/Program Files/Epic Games/4.9/Engine/Binaries/Win64/../../../Engine/Shaders/ShadowDepthVertexShader.usf" 274
"C:/Program Files/Epic Games/4.9/Engine/Binaries/Win64/../../../Engine/Shaders/ShaderComplexityApplyPixelShader.usf" 275
"C:/Program Files/Epic Games/4.9/Engine/Binaries/Win64/../../../Engine/Shaders/ShaderComplexityApplyVertexShader.usf" 276
"C:/Program Files/Epic Games/4.9/Engine/Binaries/Win64/../../../Engine/Shaders/ShaderComplexityAccumulatePixelShader.usf" 277
"C:/Program Files/Epic Games/4.9/Engine/Binaries/Win64/../../../Engine/Shaders/HZBOcclusion.usf" 278
"C:/Program Files/Epic Games/4.9/Engine/Binaries/Win64/../../../Engine/Shaders/OcclusionQueryVertexShader.usf" 279
"C:/Program Files/Epic Games/4.9/Engine/Binaries/Win64/../../../Engine/Shaders/HitProxyPixelShader.usf" 280
"C:/Program Files/Epic Games/4.9/Engine/Binaries/Win64/../../../Engine/Shaders/HitProxyVertexShader.usf" 281
"C:/Program Files/Epic Games/4.9/Engine/Binaries/Win64/../../../Engine/Shaders/ReflectionEnvironmentShaders.usf" 282
"C:/Program Files/Epic Games/4.9/Engine/Binaries/Win64/../../../Engine/Shaders/ReflectionEnvironmentShared.usf" 283
"C:/Program Files/Epic Games/4.9/Engine/Binaries/Win64/../../../Engine/Shaders/SkyLightingShared.usf" 284
"C:/Program Files/Epic Games/4.9/Engine/Binaries/Win64/../../../Engine/Shaders/ReflectionEnvironmentComputeShaders.usf" 285
"C:/Program Files/Epic Games/4.9/Engine/Binaries/Win64/../../../Engine/Shaders/LightShaftShader.usf" 286
"C:/Program Files/Epic Games/4.9/Engine/Binaries/Win64/../../../Engine/Shaders/StationaryLightOverlapShaders.usf" 287
"C:/Program Files/Epic Games/4.9/Engine/Binaries/Win64/../../../Engine/Shaders/DeferredLightPixelShaders.usf" 288
"C:/Program Files/Epic Games/4.9/Engine/Binaries/Win64/../../../Engine/Shaders/DeferredLightVertexShaders.usf" 289
"C:/Program Files/Epic Games/4.9/Engine/Binaries/Win64/../../../Engine/Shaders/LPVVisualise.usf" 290
"C:/Program Files/Epic Games/4.9/Engine/Binaries/Win64/../../../Engine/Shaders/LPVGeometryVolumeCommon.usf" 291
"C:/Program Files/Epic Games/4.9/Engine/Binaries/Win64/../../../Engine/Shaders/LPVDirectLightInject.usf" 292
"C:/Program Files/Epic Games/4.9/Engine/Binaries/Win64/../../../Engine/Shaders/LPVPropagate.usf" 293
"C:/Program Files/Epic Games/4.9/Engine/Binaries/Win64/../../../Engine/Shaders/LPVPacking.usf" 294
"C:/Program Files/Epic Games/4.9/Engine/Binaries/Win64/../../../Engine/Shaders/LPVBuildGeometryVolume.usf" 295
"C:/Program Files/Epic Games/4.9/Engine/Binaries/Win64/../../../Engine/Shaders/LpvDirectionalOcclusion.usf" 296
"C:/Program Files/Epic Games/4.9/Engine/Binaries/Win64/../../../Engine/Shaders/LPVInject_AccumulateVplLists.usf" 297
"C:/Program Files/Epic Games/4.9/Engine/Binaries/Win64/../../../Engine/Shaders/LPVInject_GenerateVplLists.usf" 298
"C:/Program Files/Epic Games/4.9/Engine/Binaries/Win64/../../../Engine/Shaders/LPVClearLists.usf" 299
"C:/Program Files/Epic Games/4.9/Engine/Binaries/Win64/../../../Engine/Shaders/LPVClear.usf" 300
"C:/Program Files/Epic Games/4.9/Engine/Binaries/Win64/../../../Engine/Shaders/LightMapDensityShader.usf" 301
"C:/Program Files/Epic Games/4.9/Engine/Binaries/Win64/../../../Engine/Shaders/LightFunctionPixelShader.usf" 302
"C:/Program Files/Epic Games/4.9/Engine/Binaries/Win64/../../../Engine/Shaders/LightFunctionVertexShader.usf" 303
"C:/Program Files/Epic Games/4.9/Engine/Binaries/Win64/../../../Engine/Shaders/HeightfieldLighting.usf" 304
"C:/Program Files/Epic Games/4.9/Engine/Binaries/Win64/../../../Engine/Shaders/DistanceFieldShadowingShared.usf" 305
"C:/Program Files/Epic Games/4.9/Engine/Binaries/Win64/../../../Engine/Shaders/HdrCustomResolveShaders.usf" 306
"C:/Program Files/Epic Games/4.9/Engine/Binaries/Win64/../../../Engine/Shaders/GPUBenchmark.usf" 307
"C:/Program Files/Epic Games/4.9/Engine/Binaries/Win64/../../../Engine/Shaders/GlobalDistanceField.usf" 308
"C:/Program Files/Epic Games/4.9/Engine/Binaries/Win64/../../../Engine/Shaders/GammaCorrection.usf" 309
"C:/Program Files/Epic Games/4.9/Engine/Binaries/Win64/../../../Engine/Shaders/BasePassForForwardShadingPixelShader.usf" 310
"C:/Program Files/Epic Games/4.9/Engine/Binaries/Win64/../../../Engine/Shaders/BasePassForForwardShadingCommon.usf" 311
"C:/Program Files/Epic Games/4.9/Engine/Binaries/Win64/../../../Engine/Shaders/LightmapCommon.usf" 312
"C:/Program Files/Epic Games/4.9/Engine/Binaries/Win64/../../../Engine/Shaders/BasePassForForwardShadingVertexShader.usf" 313
"C:/Program Files/Epic Games/4.9/Engine/Binaries/Win64/../../../Engine/Shaders/HeightFogCommon.usf" 314
"C:/Program Files/Epic Games/4.9/Engine/Binaries/Win64/../../../Engine/Shaders/HeightFogPixelShader.usf" 315
"C:/Program Files/Epic Games/4.9/Engine/Binaries/Win64/../../../Engine/Shaders/HeightFogVertexShader.usf" 316
"C:/Program Files/Epic Games/4.9/Engine/Binaries/Win64/../../../Engine/Shaders/DistortAccumulatePS.usf" 317
"C:/Program Files/Epic Games/4.9/Engine/Binaries/Win64/../../../Engine/Shaders/DistortAccumulateVS.usf" 318
"C:/Program Files/Epic Games/4.9/Engine/Binaries/Win64/../../../Engine/Shaders/DistortApplyScreenPS.usf" 319
"C:/Program Files/Epic Games/4.9/Engine/Binaries/Win64/../../../Engine/Shaders/DistanceFieldSurfaceCacheLighting.usf" 320
"C:/Program Files/Epic Games/4.9/Engine/Binaries/Win64/../../../Engine/Shaders/SkyLighting.usf" 321
"C:/Program Files/Epic Games/4.9/Engine/Binaries/Win64/../../../Engine/Shaders/DistanceFieldSurfaceCacheLightingCompute.usf" 322
"C:/Program Files/Epic Games/4.9/Engine/Binaries/Win64/../../../Engine/Shaders/DistanceFieldShadowing.usf" 323
"C:/Program Files/Epic Games/4.9/Engine/Binaries/Win64/../../../Engine/Shaders/DistanceFieldScreenGridLighting.usf" 324
"C:/Program Files/Epic Games/4.9/Engine/Binaries/Win64/../../../Engine/Shaders/DistanceFieldLightingPost.usf" 325
"C:/Program Files/Epic Games/4.9/Engine/Binaries/Win64/../../../Engine/Shaders/DistanceFieldGlobalIllumination.usf" 326
"C:/Program Files/Epic Games/4.9/Engine/Binaries/Win64/../../../Engine/Shaders/DepthOnlyPixelShader.usf" 327
"C:/Program Files/Epic Games/4.9/Engine/Binaries/Win64/../../../Engine/Shaders/DepthOnlyVertexShader.usf" 328
"C:/Program Files/Epic Games/4.9/Engine/Binaries/Win64/../../../Engine/Shaders/PositionOnlyDepthVertexShader.usf" 329
"C:/Program Files/Epic Games/4.9/Engine/Binaries/Win64/../../../Engine/Shaders/DownsampleDepthPixelShader.usf" 330
"C:/Program Files/Epic Games/4.9/Engine/Binaries/Win64/../../../Engine/Shaders/EvaluateSurfelMaterial.usf" 331
"C:/Program Files/Epic Games/4.9/Engine/Binaries/Win64/../../../Engine/Shaders/ConvertToUniformMesh.usf" 332
"C:/Program Files/Epic Games/4.9/Engine/Binaries/Win64/../../../Engine/Shaders/BasePassPixelShader.usf" 333
"C:/Program Files/Epic Games/4.9/Engine/Binaries/Win64/../../../Engine/Shaders/BasePassCommon.usf" 334
"C:/Program Files/Epic Games/4.9/Engine/Binaries/Win64/../../../Engine/Shaders/ForEachLight.usf" 335
"C:/Program Files/Epic Games/4.9/Engine/Binaries/Win64/../../../Engine/Shaders/BasePassVertexShader.usf" 336
"C:/Program Files/Epic Games/4.9/Engine/Binaries/Win64/../../../Engine/Shaders/BasePassVertexCommon.usf" 337
"C:/Program Files/Epic Games/4.9/Engine/Binaries/Win64/../../../Engine/Shaders/BasePassTessellationShaders.usf" 338
"C:/Program Files/Epic Games/4.9/Engine/Binaries/Win64/../../../Engine/Shaders/AtmospherePrecompute.usf" 339
"C:/Program Files/Epic Games/4.9/Engine/Binaries/Win64/../../../Engine/Shaders/AtmospherePrecomputeCommon.usf" 340
"C:/Program Files/Epic Games/4.9/Engine/Binaries/Win64/../../../Engine/Shaders/AtmospherePrecomputeInscatter.usf" 341
"C:/Program Files/Epic Games/4.9/Engine/Binaries/Win64/../../../Engine/Shaders/AtmosphericFogShader.usf" 342
"C:/Program Files/Epic Games/4.9/Engine/Binaries/Win64/../../../Engine/Shaders/ResolveVertexShader.usf" 343
"C:/Program Files/Epic Games/4.9/Engine/Binaries/Win64/../../../Engine/Shaders/ResolvePixelShader.usf" 344
"C:/Program Files/Epic Games/4.9/Engine/Binaries/Win64/../../../Engine/Shaders/OneColorShader.usf" 345
"C:/Program Files/Epic Games/4.9/Engine/Binaries/Win64/../../../Engine/Shaders/MediaShaders.usf" 346
"C:/Program Files/Epic Games/4.9/Engine/Binaries/Win64/../../../Engine/Shaders/ClearReplacementShaders.usf" 347
"C:/Program Files/Epic Games/4.9/Engine/Binaries/Win64/../../../Engine/Shaders/SimpleElementTexture2DPreviewPixelShader.usf" 348
"C:/Program Files/Epic Games/4.9/Engine/Binaries/Win64/../../../Engine/Shaders/SimpleElementNormalMapPixelShader.usf" 349
"C:/Program Files/Epic Games/4.9/Engine/Binaries/Win64/../../../Engine/Shaders/meshpaintdilatepixelshader.usf" 350
"C:/Program Files/Epic Games/4.9/Engine/Binaries/Win64/../../../Engine/Shaders/meshpaintdilatevertexshader.usf" 351
"C:/Program Files/Epic Games/4.9/Engine/Binaries/Win64/../../../Engine/Shaders/MeshPaintPixelShader.usf" 352
"C:/Program Files/Epic Games/4.9/Engine/Binaries/Win64/../../../Engine/Shaders/MeshPaintVertexShader.usf" 353
"../../../Engine/Config/Android/AndroidEngine.ini" 354
"../../../Engine/Config/IOS/IOSEngine.ini" 355
"../../../Engine/Config/Linux/LinuxEngine.ini" 356
"C:/Users/silvio/AppData/Local/UnrealEngine/4.9/DerivedDataCache/Boot.ddc" 357
"../../../Engine/DerivedDataCache/Compressed.ddp" 358
"../../../Engine/Content/EngineFonts/Roboto.uasset" 359
"../../../Engine/Content/EngineMaterials/Widget3DPassThrough_Translucent.uasset" 360
"../../../Engine/Content/EngineMaterials/Widget3DPassThrough.uasset" 361
"../../../Engine/Content/Functions/Engine_MaterialFunctions02/Texturing/ScreenAlignedUVs.uasset" 362
"../../../Engine/Content/EngineResources/WhiteSquareTexture.uasset" 363
"../../../Engine/Content/Functions/Engine_MaterialFunctions01/Shading/PowerToRoughness.uasset" 364
"../../../Engine/Content/Functions/Engine_MaterialFunctions01/Shading/ConvertFromDiffSpec.uasset" 365
"../../../Engine/Content/EngineMaterials/WorldGridMaterial.uasset" 366
"../../../Engine/Content/Functions/Engine_MaterialFunctions01/Opacity/CameraDepthFade.uasset" 367
"../../../Engine/Content/EngineMaterials/T_Default_Material_Grid_M.uasset" 368
"../../../Engine/Content/EngineMaterials/T_Default_Material_Grid_N.uasset" 369
"../../../Engine/Content/EngineMaterials/DefaultDeferredDecalMaterial.uasset" 370
"../../../Engine/Content/EngineMaterials/DefaultDiffuse.uasset" 371
"../../../Engine/Content/EngineMaterials/DefaultLightFunctionMaterial.uasset" 372
"../../../Engine/Content/EngineMaterials/DefaultPostProcessMaterial.uasset" 373
"../../../Engine/Content/Functions/Engine_MaterialFunctions02/Utility/BreakOutFloat2Components.uasset" 374
"../../../Engine/Content/EngineResources/DefaultTexture.uasset" 375
"../../../Engine/Content/EngineMaterials/Widget3DPassThrough_Translucent_OneSided.uasset" 376
"../../../Engine/Content/EngineMaterials/Widget3DPassThrough_Opaque.uasset" 377
"../../../Engine/Content/EngineMaterials/Widget3DPassThrough_Opaque_OneSided.uasset" 378
"../../../Engine/Content/EngineMaterials/Widget3DPassThrough_Masked.uasset" 379
"../../../Engine/Content/EngineMaterials/Widget3DPassThrough_Masked_OneSided.uasset" 380
"../../../Engine/Content/EditorResources/S_Actor.uasset" 381
"C:/Users/silvio/Documents/Unreal Projects/AI_FromScratch_01/Saved/Config/Windows/TemplateDefs.ini" 382
"../../../../../../Users/silvio/Documents/Unreal Projects/AI_FromScratch_01/Intermediate/Config/CoalescedSourceConfigs/TemplateDefs.ini" 383
"C:/Users/silvio/Documents/Unreal Projects/AI_FromScratch_01/Saved/Config/Windows/GameplayTags.ini" 384
"../../../../../../Users/silvio/Documents/Unreal Projects/AI_FromScratch_01/Intermediate/Config/CoalescedSourceConfigs/GameplayTags.ini" 385
"../../../Engine/Content/Maps/Templates/Thumbnails/Default.uasset" 386
"../../../Engine/Content/EditorMaterials/ParticleSystems/PSysThumbnail_NoImage.uasset" 387
"../../../Engine/Content/EditorMaterials/ParticleSystems/PSysThumbnail_OOD.uasset" 388
"../../../Engine/Content/EditorLandscapeResources/DataLayer.uasset" 389
"../../../Engine/Content/EngineDamageTypes/DmgTypeBP_Environmental.uasset" 390
"..\..\..\Engine\Content\Internationalization\icudt53l\numberingSystems.res" 391
"..\..\..\Engine\Content\Internationalization\icudt53l\curr\supplementalData.res" 392
"..\..\..\Engine\Content\Internationalization\icudt53l\curr\pool.res" 393
"..\..\..\Engine\Content\Internationalization\icudt53l\curr\en.res" 394
"..\..\..\Engine\Content\Internationalization\icudt53l\curr\root.res" 395
"../../../Engine/Content/EngineMeshes/Sphere.uasset" 396
"../../../Engine/Content/EngineFonts/RobotoDistanceField.uasset" 397
"../../../Engine/Content/EngineMaterials/DefaultTextMaterialOpaque.uasset" 398
"../../../Engine/Content/EditorResources/S_Trigger.uasset" 399
"../../../Engine/Content/EngineResources/GradientTexture0.uasset" 400
"../../../Engine/Content/EngineResources/Black.uasset" 401
"../../../Engine/Content/EditorMaterials/MatineeGroups/MAT_Groups_Float.uasset" 402
"../../../Engine/Content/EditorMaterials/MatineeGroups/MAT_Groups_Director.uasset" 403
"../../../Engine/Content/EditorMaterials/MatineeGroups/MAT_Groups_Event.uasset" 404
"../../../Engine/Content/EditorMaterials/MatineeGroups/MAT_Groups_Anim.uasset" 405
"../../../Engine/Content/EditorMaterials/MatineeGroups/MAT_Groups_Fade.uasset" 406
"../../../Engine/Content/EditorMaterials/MatineeGroups/MAT_Groups_Move.uasset" 407
"../../../Engine/Content/EditorMaterials/MatineeGroups/MAT_Groups_Slomo.uasset" 408
"../../../Engine/Content/EditorMaterials/MatineeGroups/MAT_ColorTrack.uasset" 409
"../../../Engine/Content/EditorMaterials/MAT_Groups_Toggle.uasset" 410
"../../../Engine/Content/EditorMaterials/MatineeGroups/MAT_Groups_AudioMaster.uasset" 411
"../../../Engine/Content/EditorMaterials/MatineeGroups/MAT_Groups_Sound.uasset" 412
"../../../Engine/Content/EditorMaterials/MatineeGroups/MAT_Groups_Vector.uasset" 413
"../../../Engine/Content/EditorMaterials/MAT_Groups_Visibility.uasset" 414
"../../../Engine/Content/EngineResources/DefaultTextureCube.uasset" 415
"../../../Engine/Content/EngineSounds/Master.uasset" 416
"../../../Engine/Content/EngineSounds/Music.uasset" 417
"../../../Engine/Content/EngineSounds/SFX.uasset" 418
"../../../Engine/Content/EngineSounds/Normal_Attack.uasset" 419
"../../../Engine/Content/EngineSounds/Special_Attack_PSM.uasset" 420
"../../../Engine/Content/EngineSounds/Duck_Normal_Attack_MixMod.uasset" 421
"../../../Engine/Content/EngineSounds/Voice.uasset" 422
"../../../Engine/Content/EngineMeshes/Cylinder.uasset" 423
"../../../Engine/Content/EngineMaterials/DefaultMaterial.uasset" 424
"../../../Engine/Content/EngineTireTypes/DefaultTireType.uasset" 425
"../../../Engine/Content/Editor/Slate/Fonts/FontAwesome.ttf" 426
"../../../Engine/Content/Editor/Slate/Fonts/DroidSansMono.ttf" 427
"../../../Engine/Content/Editor/Slate/Fonts/Roboto-BoldCondensed.ttf" 428
"../../../Engine/Content/Editor/Slate/Fonts/Roboto-Black.ttf" 429
"../../../Engine/Content/Editor/Slate/Fonts/Roboto-Italic.ttf" 430
"../../../Engine/Content/Editor/Slate/Fonts/Roboto-BoldCondensedItalic.ttf" 431
"..\..\..\Engine\Content\Internationalization\icudt53l\coll\ucadata.icu" 432
"..\..\..\Engine\Content\Internationalization\icudt53l\nfc.nrm" 433
"..\..\..\Engine\Content\Internationalization\icudt53l\coll\en.res" 434
"..\..\..\Engine\Content\Internationalization\icudt53l\coll\root.res" 435
"../../../Engine/Content/EngineResources/AICON-Red.uasset" 436
"../../../Engine/Content/EngineResources/AICON-Green.uasset" 437
"../../../Engine/Content/Tutorial/Basics/LevelEditorOverview.uasset" 438
"../../../Engine/Content/Tutorial/Basics/TutorialAssets/icon_tab_Levels_40x.uasset" 439
"../../../Engine/Content/Tutorial/Basics/LevelEditorAttract.uasset" 440
"../../../Engine/Content/Tutorial/BlueprintTutorials/BlueprintEditorTutorial.uasset" 441
"../../../Engine/Content/Tutorial/BlueprintTutorials/TutorialAssets/Blueprint_64x.uasset" 442
"../../../Engine/Content/Tutorial/SubEditors/MaterialEditorTutorial.uasset" 443
"../../../Engine/Content/Tutorial/BlueprintTutorials/LevelBlueprintEditorOverview.uasset" 444
"../../../Engine/Content/Tutorial/ContentIntroCurve.uasset" 445
"../../../Engine/Plugins/2D/Paper2D/Content/MaskedUnlitSpriteMaterial.uasset" 446
"../../../Engine/Plugins/2D/Paper2D/Content/DefaultSpriteMaterial.uasset" 447
"../../../Engine/Plugins/2D/Paper2D/Content/DummySpriteTexture.uasset" 448
"../../../Engine/Plugins/2D/Paper2D/Content/PlaceholderTextures/DummySpriteTexture.uasset" 449
"../../../Engine/Plugins/2D/Paper2D/Content/OpaqueUnlitSpriteMaterial.uasset" 450
"../../../Engine/Plugins/2D/Paper2D/Content/DefaultPaperTerrainMaterial.uasset" 451
"../../../Engine/Plugins/2D/Paper2D/Content/DummySprite.uasset" 452
"C:/Users/silvio/AppData/Local/UnrealEngine/4.9/Saved/Config/Windows/SourceControlSettings.ini" 453
"../../../../../../Users/silvio/Documents/Unreal Projects/AI_FromScratch_01/Intermediate/Config/CoalescedSourceConfigs/SourceControlSettings.ini" 454
"C:/Users/silvio/Documents/Unreal Projects/AI_FromScratch_01/Saved/Config/Windows/SourceControlSettings.ini" 455
"../../../Engine/Plugins/Runtime/LeapMotionController/Content/LM_CapsuleMesh.uasset" 456
"../../../Engine/Plugins/Runtime/LeapMotionController/Content/LM_TorusMesh.uasset" 457
"../../../Engine/Plugins/Runtime/LeapMotionController/Content/LM_HandColor.uasset" 458
"../../../Engine/Plugins/Runtime/LeapMotionController/Content/LM_PassthroughMaterial.uasset" 459
"../../../Engine/Plugins/Runtime/LeapMotionController/Content/LM_SampleDistortion.uasset" 460
"../../../Engine/Plugins/Runtime/LeapMotionController/Content/LM_TestTexture.uasset" 461
"../../../Engine/Content/BasicShapes/Cube.uasset" 462
"../../../Engine/Content/EngineMaterials/RemoveSurfaceMaterial.uasset" 463
"../../../Engine/Content/EngineDebugMaterials/DebugMeshMaterial.uasset" 464
"../../../Engine/Content/EngineMaterials/M_InvalidLightmapSettings.uasset" 465
"../../../Engine/Content/EngineMaterials/InvalidLightmapSettings.uasset" 466
"../../../Engine/Content/EditorMaterials/GizmoMaterial.uasset" 467
"../../../Engine/Content/EngineMaterials/Good64x64TilingNoiseHighFreq.uasset" 468
"../../../Engine/Content/EngineMaterials/DefaultBokeh.uasset" 469
"../../../Engine/Content/EngineMaterials/PreintegratedSkinBRDF.uasset" 470
"../../../Engine/Content/EngineMaterials/MiniFont.uasset" 471
"../../../Engine/Content/EngineMaterials/WeightMapPlaceholderTexture.uasset" 472
"../../../Engine/Content/EngineMaterials/DefaultWhiteGrid.uasset" 473
"../../../Engine/Content/EngineMaterials/DefaultPhysicalMaterial.uasset" 474
"../../../Engine/Content/EngineFonts/RobotoTiny.uasset" 475
"../../../../../../Users/silvio/Documents/Unreal Projects/AI_FromScratch_01/Intermediate/CachedAssetRegistry.bin" 476
"../../../Engine/Content/EditorBlueprintResources/ActorMacros.uasset" 477
"../../../Engine/Content/FunctionalTesting/Blueprints/AITesting_MoveGoal.uasset" 478
"../../../Engine/Content/Maps/Entry.umap" 479
"../../../Engine/Content/Maps/Templates/Template_Default.umap" 480
"../../../Engine/Content/Tutorial/Basics/FeaturePacks.uasset" 481
"../../../Engine/Content/Tutorial/BlueprintTutorials/ClassBlueprintsEditorOverview.uasset" 482
"../../../Engine/Content/Tutorial/Foliage/FoliageWalkThrough.uasset" 483
"../../../Engine/Content/Tutorial/Foliage/Foliage_Intro_Tutorial.uasset" 484
"../../../Engine/Content/Tutorial/Foliage/Foliage_Settings_Tutorial.uasset" 485
"../../../Engine/Content/Tutorial/Foliage/Foliage_Using_The_Tool_Tutorial.uasset" 486
"../../../Engine/Content/Tutorial/Landscape/LandscapeWalkThrough.uasset" 487
"../../../Engine/Content/Tutorial/Mobile/InstallingiTunesTutorial.uasset" 488
"../../../Engine/Content/Tutorial/Mobile/SettingUpAndroidTutorial.uasset" 489
"../../../Engine/Content/Tutorial/SubEditors/ParticleSystemEditorTutorial.uasset" 490
"../../../Engine/Content/Tutorial/SubEditors/PersonaAnimEditorWalkthrough.uasset" 491
"../../../Engine/Content/Tutorial/SubEditors/PersonaWalkthrough.uasset" 492
"../../../Engine/Content/Tutorial/SubEditors/TutorialAssets/TutorialAnimationBlueprint.uasset" 493
"../../../Engine/Content/Tutorial/SubEditors/TutorialAssets/Character/TutorialCharacter.uasset" 494
"../../../Engine/Content/Tutorial/SubEditors/TutorialAssets/Character/TutorialTPP_AnimBlueprint.uasset" 495
"../../../../../../Users/silvio/Documents/Unreal Projects/AI_FromScratch_01/Content/CommonAssets/HidePoint.uasset" 496
"../../../../../../Users/silvio/Documents/Unreal Projects/AI_FromScratch_01/Content/Levels/03_LookForObjectsasd/03_LookForObject.umap" 497
"../../../../../../Users/silvio/Documents/Unreal Projects/AI_FromScratch_01/Content/NPC/AI/NPC_BB.uasset" 498
"../../../../../../Users/silvio/Documents/Unreal Projects/AI_FromScratch_01/Content/NPC/AI/BehaviourTrees/BT_Main.uasset" 499
"../../../../../../Users/silvio/Documents/Unreal Projects/AI_FromScratch_01/Content/NPC/AI/Tasks/BTT_GetNearestHidePoint.uasset" 500
"../../../../../../Users/silvio/Documents/Unreal Projects/AI_FromScratch_01/Saved/Autosaves/Game/AI/BT_CustomBT_Auto9.uasset" 501
"../../../../../../Users/silvio/Documents/Unreal Projects/AI_FromScratch_01/Saved/Autosaves/Game/AI/CustomBlackboard_Auto4.uasset" 502
"../../../../../../Users/silvio/Documents/Unreal Projects/AI_FromScratch_01/Saved/Autosaves/Game/AI/CustomBlackboard_Auto9.uasset" 503
"../../../../../../Users/silvio/Documents/Unreal Projects/AI_FromScratch_01/Saved/Autosaves/Game/AI/BehaviourTrees/BT_CustomBT_Auto0.uasset" 504
"../../../../../../Users/silvio/Documents/Unreal Projects/AI_FromScratch_01/Saved/Autosaves/Game/AI/BehaviourTrees/BT_CustomBT_Auto1.uasset" 505
"../../../../../../Users/silvio/Documents/Unreal Projects/AI_FromScratch_01/Saved/Autosaves/Game/AI/Tasks/BTT_LookForTarget_Auto0.uasset" 506
"../../../../../../Users/silvio/Documents/Unreal Projects/AI_FromScratch_01/Saved/Autosaves/Game/AI/Tasks/BTT_LookForTarget_Auto1.uasset" 507
"../../../../../../Users/silvio/Documents/Unreal Projects/AI_FromScratch_01/Saved/Autosaves/Game/AI/Tasks/BTT_LookForTarget_Auto2.uasset" 508
"../../../../../../Users/silvio/Documents/Unreal Projects/AI_FromScratch_01/Saved/Autosaves/Game/AI/Tasks/BTT_LookForTarget_Auto3.uasset" 509
"../../../../../../Users/silvio/Documents/Unreal Projects/AI_FromScratch_01/Saved/Autosaves/Game/AI/Tasks/BTT_SetRandomDestination_Auto5.uasset" 510
"../../../../../../Users/silvio/Documents/Unreal Projects/AI_FromScratch_01/Saved/Autosaves/Game/AI/Tasks/BTT_SetRandomDestination_Auto7.uasset" 511
"../../../../../../Users/silvio/Documents/Unreal Projects/AI_FromScratch_01/Saved/Autosaves/Game/CommonAssets/Cube_Auto5.uasset" 512
"../../../../../../Users/silvio/Documents/Unreal Projects/AI_FromScratch_01/Saved/Autosaves/Game/CommonAssets/Cube_Auto7.uasset" 513
"../../../../../../Users/silvio/Documents/Unreal Projects/AI_FromScratch_01/Saved/Autosaves/Game/CommonAssets/HidePoint_Auto3.uasset" 514
"../../../../../../Users/silvio/Documents/Unreal Projects/AI_FromScratch_01/Saved/Autosaves/Game/CommonAssets/HidePoint_Auto7.uasset" 515
"../../../../../../Users/silvio/Documents/Unreal Projects/AI_FromScratch_01/Saved/Autosaves/Game/CommonAssets/Obstacle_Wall_High_Auto4.uasset" 516
"../../../../../../Users/silvio/Documents/Unreal Projects/AI_FromScratch_01/Saved/Autosaves/Game/CommonAssets/Obstacle_Wall_High_Auto5.uasset" 517
"../../../../../../Users/silvio/Documents/Unreal Projects/AI_FromScratch_01/Saved/Autosaves/Game/CommonAssets/Obstacle_Wall_High_Auto6.uasset" 518
"../../../../../../Users/silvio/Documents/Unreal Projects/AI_FromScratch_01/Saved/Autosaves/Game/CommonAssets/Obstacle_Wall_High_Auto7.uasset" 519
"../../../../../../Users/silvio/Documents/Unreal Projects/AI_FromScratch_01/Saved/Autosaves/Game/CommonAssets/PickUp_Auto8.uasset" 520
"../../../../../../Users/silvio/Documents/Unreal Projects/AI_FromScratch_01/Saved/Autosaves/Game/CommonAssets/PickUp_Auto9.uasset" 521
"../../../../../../Users/silvio/Documents/Unreal Projects/AI_FromScratch_01/Saved/Autosaves/Game/CommonAssets/SpawnPoint/SpawnPoint_Auto2.uasset" 522
"../../../../../../Users/silvio/Documents/Unreal Projects/AI_FromScratch_01/Saved/Autosaves/Game/CommonAssets/SpawnPoint/SpawnPoint_Blue_Auto6.uasset" 523
"../../../../../../Users/silvio/Documents/Unreal Projects/AI_FromScratch_01/Saved/Autosaves/Game/CommonAssets/SpawnPoint/SpawnPoint_Cyan_Auto2.uasset" 524
"../../../../../../Users/silvio/Documents/Unreal Projects/AI_FromScratch_01/Saved/Autosaves/Game/CommonAssets/SpawnPoint/SpawnPoint_Green_Auto6.uasset" 525
"../../../../../../Users/silvio/Documents/Unreal Projects/AI_FromScratch_01/Saved/Autosaves/Game/CommonAssets/SpawnPoint/SpawnPoint_Yellow_Auto6.uasset" 526
"../../../../../../Users/silvio/Documents/Unreal Projects/AI_FromScratch_01/Saved/Autosaves/Game/CommonAssets/SpawnPoint/Icons/Icon_SpawnPoint_Auto2.uasset" 527
"../../../../../../Users/silvio/Documents/Unreal Projects/AI_FromScratch_01/Saved/Autosaves/Game/CommonAssets/SpawnPoint/Icons/SP_White_Auto2.uasset" 528
"../../../../../../Users/silvio/Documents/Unreal Projects/AI_FromScratch_01/Saved/Autosaves/Game/Levels/03_LookForObject_Auto2.umap" 529
"../../../../../../Users/silvio/Documents/Unreal Projects/AI_FromScratch_01/Saved/Autosaves/Game/Levels/03_LookForObjects/03_LookForObject_Auto0.umap" 530
"../../../../../../Users/silvio/Documents/Unreal Projects/AI_FromScratch_01/Saved/Autosaves/Game/Levels/03_LookForObjects/03_LookForObject_Auto1.umap" 531
"../../../../../../Users/silvio/Documents/Unreal Projects/AI_FromScratch_01/Saved/Autosaves/Game/Levels/03_LookForObjects/03_LookForObject_Auto2.umap" 532
"../../../../../../Users/silvio/Documents/Unreal Projects/AI_FromScratch_01/Saved/Autosaves/Game/Levels/03_LookForObjects/03_LookForObject_Auto3.umap" 533
"../../../../../../Users/silvio/Documents/Unreal Projects/AI_FromScratch_01/Saved/Autosaves/Game/Levels/03_LookForObjects/03_LookForObject_Auto4.umap" 534
"../../../../../../Users/silvio/Documents/Unreal Projects/AI_FromScratch_01/Saved/Autosaves/Game/Levels/03_LookForObjects/03_LookForObject_Auto5.umap" 535
"../../../../../../Users/silvio/Documents/Unreal Projects/AI_FromScratch_01/Saved/Autosaves/Game/Levels/03_LookForObjects/03_LookForObject_Auto6.umap" 536
"../../../../../../Users/silvio/Documents/Unreal Projects/AI_FromScratch_01/Saved/Autosaves/Game/Levels/03_LookForObjects/03_LookForObject_Auto7.umap" 537
"../../../../../../Users/silvio/Documents/Unreal Projects/AI_FromScratch_01/Saved/Autosaves/Game/Levels/03_LookForObjects/03_LookForObject_Auto8.umap" 538
"../../../../../../Users/silvio/Documents/Unreal Projects/AI_FromScratch_01/Saved/Autosaves/Game/Levels/03_LookForObjects/03_LookForObject_Auto9.umap" 539
"../../../../../../Users/silvio/Documents/Unreal Projects/AI_FromScratch_01/Saved/Autosaves/Game/Levels/03_LookForObjects/Character_03_Auto0.uasset" 540
"../../../../../../Users/silvio/Documents/Unreal Projects/AI_FromScratch_01/Saved/Autosaves/Game/Levels/03_LookForObjects/Character_03_Auto1.uasset" 541
"../../../../../../Users/silvio/Documents/Unreal Projects/AI_FromScratch_01/Saved/Autosaves/Game/Levels/03_LookForObjects/Character_03_Auto2.uasset" 542
"../../../../../../Users/silvio/Documents/Unreal Projects/AI_FromScratch_01/Saved/Autosaves/Game/Levels/03_LookForObjects/Character_03_Auto3.uasset" 543
"../../../../../../Users/silvio/Documents/Unreal Projects/AI_FromScratch_01/Saved/Autosaves/Game/Levels/03_LookForObjects/Character_03_Auto4.uasset" 544
"../../../../../../Users/silvio/Documents/Unreal Projects/AI_FromScratch_01/Saved/Autosaves/Game/Levels/03_LookForObjects/Character_03_Auto5.uasset" 545
"../../../../../../Users/silvio/Documents/Unreal Projects/AI_FromScratch_01/Saved/Autosaves/Game/Levels/03_LookForObjects/Character_03_Auto6.uasset" 546
"../../../../../../Users/silvio/Documents/Unreal Projects/AI_FromScratch_01/Saved/Autosaves/Game/Levels/03_LookForObjects/Character_03_Auto7.uasset" 547
"../../../../../../Users/silvio/Documents/Unreal Projects/AI_FromScratch_01/Saved/Autosaves/Game/Levels/03_LookForObjects/Character_03_Auto8.uasset" 548
"../../../../../../Users/silvio/Documents/Unreal Projects/AI_FromScratch_01/Saved/Autosaves/Game/Levels/03_LookForObjects/CustomController_02_Auto1.uasset" 549
"../../../../../../Users/silvio/Documents/Unreal Projects/AI_FromScratch_01/Saved/Autosaves/Game/Levels/03_LookForObjectsasd/03_LookForObject_Auto0.umap" 550
"../../../../../../Users/silvio/Documents/Unreal Projects/AI_FromScratch_01/Saved/Autosaves/Game/Levels/03_LookForObjectsasd/03_LookForObject_Auto1.umap" 551
"../../../../../../Users/silvio/Documents/Unreal Projects/AI_FromScratch_01/Saved/Autosaves/Game/Levels/03_LookForObjectsasd/03_LookForObject_Auto2.umap" 552
"../../../../../../Users/silvio/Documents/Unreal Projects/AI_FromScratch_01/Saved/Autosaves/Game/Levels/03_LookForObjectsasd/03_LookForObject_Auto3.umap" 553
"../../../../../../Users/silvio/Documents/Unreal Projects/AI_FromScratch_01/Saved/Autosaves/Game/Levels/03_LookForObjectsasd/03_LookForObject_Auto4.umap" 554
"../../../../../../Users/silvio/Documents/Unreal Projects/AI_FromScratch_01/Saved/Autosaves/Game/Levels/03_LookForObjectsasd/03_LookForObject_Auto5.umap" 555
"../../../../../../Users/silvio/Documents/Unreal Projects/AI_FromScratch_01/Saved/Autosaves/Game/Levels/03_LookForObjectsasd/03_LookForObject_Auto6.umap" 556
"../../../../../../Users/silvio/Documents/Unreal Projects/AI_FromScratch_01/Saved/Autosaves/Game/Levels/03_LookForObjectsasd/03_LookForObject_Auto7.umap" 557
"../../../../../../Users/silvio/Documents/Unreal Projects/AI_FromScratch_01/Saved/Autosaves/Game/Levels/03_LookForObjectsasd/03_LookForObject_Auto8.umap" 558
"../../../../../../Users/silvio/Documents/Unreal Projects/AI_FromScratch_01/Saved/Autosaves/Game/Levels/03_LookForObjectsasd/03_LookForObject_Auto9.umap" 559
"../../../../../../Users/silvio/Documents/Unreal Projects/AI_FromScratch_01/Saved/Autosaves/Game/Mannequin/AI/CustomBlackboard_Auto1.uasset" 560
"../../../../../../Users/silvio/Documents/Unreal Projects/AI_FromScratch_01/Saved/Autosaves/Game/Mannequin/AI/BehaviourTrees/BT_CustomBT_Auto1.uasset" 561
"../../../../../../Users/silvio/Documents/Unreal Projects/AI_FromScratch_01/Saved/Autosaves/Game/Mannequin/AI/BehaviourTrees/BT_CustomBT_Auto2.uasset" 562
"../../../../../../Users/silvio/Documents/Unreal Projects/AI_FromScratch_01/Saved/Autosaves/Game/Mannequin/AI/BehaviourTrees/BT_CustomBT_Auto3.uasset" 563
"../../../../../../Users/silvio/Documents/Unreal Projects/AI_FromScratch_01/Saved/Autosaves/Game/Mannequin/AI/BehaviourTrees/BT_CustomBT_Auto4.uasset" 564
"../../../../../../Users/silvio/Documents/Unreal Projects/AI_FromScratch_01/Saved/Autosaves/Game/Mannequin/AI/BehaviourTrees/BT_CustomBT_Auto5.uasset" 565
"../../../../../../Users/silvio/Documents/Unreal Projects/AI_FromScratch_01/Saved/Autosaves/Game/Mannequin/AI/BehaviourTrees/BT_CustomBT_Auto6.uasset" 566
"../../../../../../Users/silvio/Documents/Unreal Projects/AI_FromScratch_01/Saved/Autosaves/Game/Mannequin/AI/BehaviourTrees/BT_CustomBT_Auto9.uasset" 567
"../../../../../../Users/silvio/Documents/Unreal Projects/AI_FromScratch_01/Saved/Autosaves/Game/Mannequin/AI/Tasks/BTT_CleanPickupFromBB_Auto9.uasset" 568
"../../../../../../Users/silvio/Documents/Unreal Projects/AI_FromScratch_01/Saved/Autosaves/Game/Mannequin/AI/Tasks/BTT_LookForTarget_Auto3.uasset" 569
"../../../../../../Users/silvio/Documents/Unreal Projects/AI_FromScratch_01/Saved/Autosaves/Game/Mannequin/AI/Tasks/BTT_SetRandomDestination_Auto2.uasset" 570
"../../../../../../Users/silvio/Documents/Unreal Projects/AI_FromScratch_01/Saved/Autosaves/Game/Mannequin/AI/Tasks/BTT_SetRandomDestination_Auto3.uasset" 571
"../../../../../../Users/silvio/Documents/Unreal Projects/AI_FromScratch_01/Saved/Autosaves/Game/Mannequin/Blueprints/TopDownCharacter_Auto1.uasset" 572
"../../../../../../Users/silvio/Documents/Unreal Projects/AI_FromScratch_01/Saved/Autosaves/Game/Mannequin/Blueprints/TopDownCharacter_Auto2.uasset" 573
"../../../../../../Users/silvio/Documents/Unreal Projects/AI_FromScratch_01/Saved/Autosaves/Game/Mannequin/Blueprints/TopDownCharacter_Auto3.uasset" 574
"../../../../../../Users/silvio/Documents/Unreal Projects/AI_FromScratch_01/Saved/Autosaves/Game/Mannequin/Blueprints/TopDownCharacter_Auto5.uasset" 575
"../../../../../../Users/silvio/Documents/Unreal Projects/AI_FromScratch_01/Saved/Autosaves/Game/Mannequin/Blueprints/TopDownCharacter_Auto6.uasset" 576
"../../../../../../Users/silvio/Documents/Unreal Projects/AI_FromScratch_01/Saved/Autosaves/Game/Mannequin/Blueprints/TopDownCharacter_Auto7.uasset" 577
"../../../../../../Users/silvio/Documents/Unreal Projects/AI_FromScratch_01/Saved/Autosaves/Game/Mannequin/Blueprints/TopDownCharacter_Auto8.uasset" 578
"../../../../../../Users/silvio/Documents/Unreal Projects/AI_FromScratch_01/Saved/Autosaves/Game/Mannequin/Character/Materials/M_UE4Man_Body_Red_Auto1.uasset" 579
"../../../../../../Users/silvio/Documents/Unreal Projects/AI_FromScratch_01/Saved/Autosaves/Game/NPC/AI/BehaviourTrees/BT_Hide_Auto2.uasset" 580
"../../../../../../Users/silvio/Documents/Unreal Projects/AI_FromScratch_01/Saved/Autosaves/Game/NPC/AI/BehaviourTrees/BT_Hide_Auto5.uasset" 581
"../../../../../../Users/silvio/Documents/Unreal Projects/AI_FromScratch_01/Saved/Autosaves/Game/NPC/AI/BehaviourTrees/BT_Hide_Auto7.uasset" 582
"../../../../../../Users/silvio/Documents/Unreal Projects/AI_FromScratch_01/Saved/Autosaves/Game/NPC/AI/Tasks/BTT_GetNearestHidePoint_Auto1.uasset" 583
"../../../../../../Users/silvio/Documents/Unreal Projects/AI_FromScratch_01/Saved/Autosaves/Game/NPC/AI/Tasks/BTT_GetNearestHidePoint_Auto2.uasset" 584
"../../../../../../Users/silvio/Documents/Unreal Projects/AI_FromScratch_01/Saved/Autosaves/Game/NPC/AI/Tasks/BTT_GetNearestHidePoint_Auto3.uasset" 585
"../../../../../../Users/silvio/Documents/Unreal Projects/AI_FromScratch_01/Saved/Autosaves/Game/NPC/AI/Tasks/BTT_GetNearestHidePoint_Auto4.uasset" 586
"../../../../../../Users/silvio/Documents/Unreal Projects/AI_FromScratch_01/Saved/Autosaves/Game/NPC/AI/Tasks/BTT_GetNearestHidePoint_Auto5.uasset" 587
"../../../../../../Users/silvio/Documents/Unreal Projects/AI_FromScratch_01/Saved/Autosaves/Game/NPC/AI/Tasks/BTT_GetNearestHidePoint_Auto6.uasset" 588
"../../../../../../Users/silvio/Documents/Unreal Projects/AI_FromScratch_01/Saved/Autosaves/Game/NPC/AI/Tasks/BTT_GetNearestHidePoint_Auto7.uasset" 589
"../../../../../../Users/silvio/Documents/Unreal Projects/AI_FromScratch_01/Saved/Autosaves/Game/NPC/AI/Tasks/BTT_GetNearestHidePoint_Auto8.uasset" 590
"../../../../../../Users/silvio/Documents/Unreal Projects/AI_FromScratch_01/Saved/Autosaves/Game/NPC/Blueprints/NPC_Character_Auto0.uasset" 591
"../../../../../../Users/silvio/Documents/Unreal Projects/AI_FromScratch_01/Saved/Autosaves/Game/NPC/Blueprints/NPC_Character_Auto1.uasset" 592
"../../../../../../Users/silvio/Documents/Unreal Projects/AI_FromScratch_01/Saved/Autosaves/Game/NPC/Blueprints/NPC_Character_Auto2.uasset" 593
"../../../../../../Users/silvio/Documents/Unreal Projects/AI_FromScratch_01/Saved/Autosaves/Game/NPC/Blueprints/NPC_Character_Auto8.uasset" 594
"../../../../../../Users/silvio/Documents/Unreal Projects/AI_FromScratch_01/Saved/Autosaves/Game/NPC/Blueprints/NPC_Character_Auto9.uasset" 595
"../../../../../../Users/silvio/Documents/Unreal Projects/AI_FromScratch_01/Saved/Autosaves/Game/TopDownBP/Blueprints/Character_02_seeing_Auto2.uasset" 596
"../../../../../../Users/silvio/Documents/Unreal Projects/AI_FromScratch_01/Saved/Autosaves/Game/TopDownBP/Blueprints/TopDownCharacter_Auto1.uasset" 597
"C:/Users/silvio/Documents/Unreal Projects/AI_FromScratch_01/Saved/Cooked/WindowsNoEditor/AI_FromScratch_01/CookedIniVersion.txt" 598
"../../../Engine/Config/HTML5/HTML5Engine.ini" 599
"../../../Engine/Content/MobileResources/HUD/VirtualJoystick_Thumb.uasset" 600
"../../../Engine/Content/EditorResources/BSPVertex.uasset" 601
"../../../Engine/Content/EngineDebugMaterials/WireframeMaterial.uasset" 602
"../../../Engine/Content/EngineDebugMaterials/GeomMaterial.uasset" 603
"../../../Engine/Content/EngineDebugMaterials/LevelColorationLitMaterial.uasset" 604
"../../../Engine/Content/EngineDebugMaterials/LevelColorationUnlitMaterial.uasset" 605
"../../../Engine/Content/EngineDebugMaterials/MAT_LevelColorationLitLightmapUV.uasset" 606
"../../../Engine/Content/EngineDebugMaterials/ShadedLevelColorationLitMaterial.uasset" 607
"../../../Engine/Content/EngineDebugMaterials/ShadedLevelColorationUnlitMateri.uasset" 608
"../../../Engine/Content/EngineDebugMaterials/VertexColorMaterial.uasset" 609
"../../../Engine/Content/EngineDebugMaterials/VertexColorViewMode_ColorOnly.uasset" 610
"../../../Engine/Content/EngineDebugMaterials/VertexColorViewMode_AlphaAsColor.uasset" 611
"../../../Engine/Content/EngineDebugMaterials/VertexColorViewMode_RedOnly.uasset" 612
"../../../Engine/Content/EngineDebugMaterials/VertexColorViewMode_GreenOnly.uasset" 613
"../../../Engine/Content/EngineDebugMaterials/VertexColorViewMode_BlueOnly.uasset" 614
"../../../Engine/Content/EngineDebugMaterials/BoneWeightMaterial.uasset" 615
"../../../Engine/Content/EngineDebugMaterials/HeatmapGradient.uasset" 616
"../../../Engine/Content/EditorMaterials/PhAT_JointLimitMaterial.uasset" 617
"../../../Engine/Content/EditorMaterials/PreviewShadowIndicatorMaterial.uasset" 618
"../../../Engine/Content/EditorMaterials/PreviewShadowIndicator.uasset" 619
"../../../Engine/Content/EngineMaterials/EditorBrushMaterial.uasset" 620
"../../../Engine/Content/EditorMeshes/ColorCalibrator/SM_ColorCalibrator.uasset" 621
"../../../Engine/Content/EditorMeshes/ColorCalibrator/M_ChromeBall.uasset" 622
"../../../Engine/Content/EditorMeshes/ColorCalibrator/M_ClearCoat.uasset" 623
"../../../Engine/Content/EditorMeshes/ColorCalibrator/M_ClearCoatBlack.uasset" 624
"../../../Engine/Content/EditorMeshes/ColorCalibrator/M_ColorGrid.uasset" 625
"../../../Engine/Content/EditorMeshes/ColorCalibrator/T_ColorGrid.uasset" 626
"../../../Engine/Content/EditorMeshes/ColorCalibrator/M_GreyBall.uasset" 627
"../../../Engine/Content/MobileResources/HUD/DefaultVirtualJoysticks.uasset" 628
"../../../Engine/Content/MobileResources/HUD/VirtualJoystick_Background.uasset" 629
"../../../Engine/Content/Tutorial/SubEditors/TutorialAssets/icon_Editor_Preferences_General_40x.uasset" 630
"../../../Engine/Content/Tutorial/Paper2D/TutorialAssets/Paper2DSprite_TutorialIcon.uasset" 631
"../../../Engine/Content/Tutorial/SubEditors/TutorialAssets/icon_ShowSkeletalMeshes_40x.uasset" 632
"../../../Engine/Content/Tutorial/Landscape/TutorialAssets/Landscape.uasset" 633
"../../../Engine/Content/Tutorial/Foliage/TutorialAssets/Foliage.uasset" 634
"../../../Engine/Content/Tutorial/SubEditors/StaticMeshEditorTutorial.uasset" 635
"../../../Engine/Content/EngineMeshes/Cube.uasset" 636
"../../../Engine/Content/Tutorial/BlueprintTutorials/BlueprintMacroLibrariesEditorOverview.uasset" 637
"../../../Engine/Content/Tutorial/BlueprintTutorials/TutorialAssets/BlueprintMacroLibrary_64x.uasset" 638
"../../../Engine/Content/Tutorial/BlueprintTutorials/TutorialAssets/Tutorial_BP_MacroLib.uasset" 639
"../../../Engine/Content/Tutorial/BlueprintTutorials/BlueprintInterfacesEditorOverview.uasset" 640
"../../../Engine/Content/Tutorial/BlueprintTutorials/TutorialAssets/BlueprintInterface_64x.uasset" 641
"../../../Engine/Content/Tutorial/BlueprintTutorials/TutorialAssets/Tutorial_BP_Interface.uasset" 642
"../../../Engine/Content/Tutorial/SubEditors/DestructibleMeshEditorTutorial.uasset" 643
"../../../Engine/Content/Tutorial/SubEditors/TutorialAssets/Tutorial_DM.uasset" 644
"../../../Engine/Content/EditorMeshes/EditorCube.uasset" 645
"../../../Engine/Content/Tutorial/SubEditors/TutorialAssets/TutorialParticleSystem.uasset" 646
"../../../Engine/Content/Tutorial/SubEditors/TutorialAssets/M_smoke_subUV_blackbody.uasset" 647
"../../../Engine/Content/Tutorial/SubEditors/TutorialAssets/T_SmokeSubUV_8X8.uasset" 648
"../../../Engine/Content/Tutorial/SubEditors/TutorialAssets/T_soft_smoke.uasset" 649
"../../../Engine/Content/Tutorial/SubEditors/PersonaAnimEditorTutorial.uasset" 650
"../../../Engine/Content/Tutorial/SubEditors/TutorialAssets/Character/NewBlendSpace1D.uasset" 651
"../../../Engine/Content/Tutorial/SubEditors/TutorialAssets/Character/Tutorial_Idle.uasset" 652
"../../../Engine/Content/Tutorial/SubEditors/TutorialAssets/Character/TutorialTPP_Skeleton.uasset" 653
"../../../Engine/Content/Tutorial/SubEditors/TutorialAssets/Character/Tutorial_Walk_Fwd.uasset" 654
"../../../Engine/Content/Tutorial/SubEditors/TutorialAssets/Character/TutorialTPP.uasset" 655
"../../../Engine/Content/Tutorial/SubEditors/TutorialAssets/Character/TutorialTPP_Mat.uasset" 656
"../../../Engine/Content/Tutorial/SubEditors/TutorialAssets/Character/TutorialTPP_PhysicsAsset.uasset" 657
"../../../Engine/Content/Tutorial/SubEditors/PersonaAnimBlueprintEditorWalkthrough.uasset" 658
"../../../Engine/Content/EditorBlueprintResources/StandardMacros.uasset" 659
"../../../Engine/Content/Tutorial/Paper2D/SpriteEditorTutorial.uasset" 660
"../../../Engine/Content/Tutorial/Paper2D/FlipbookEditorTutorial.uasset" 661
"../../../Engine/Content/Tutorial/Paper2D/TutorialAssets/Paper2DFlipbook_TutorialIcon.uasset" 662
"../../../Engine/Content/Tutorial/Landscape/Landscape_Manage_Mode.uasset" 663
"../../../Engine/Content/Tutorial/Landscape/Landscape_Sculpt_Mode.uasset" 664
"../../../Engine/Content/Tutorial/Landscape/Landscape_Painting_Mode.uasset" 665
"../../../Engine/Content/Tutorial/SubEditors/TutorialAssets/TutorialMaterial.uasset" 666
"../../../Engine/Content/MobileResources/HUD/T_Castle_ThumbstickOutter.uasset" 667
"../../../Engine/Content/MobileResources/HUD/MobileHUDDirectionPad3.uasset" 668
"../../../Engine/Content/MobileResources/HUD/MobileHUDButton2_on.uasset" 669
"../../../Engine/Content/MobileResources/HUD/AnalogHat.uasset" 670
"../../../../../../Users/silvio/Documents/Unreal Projects/AI_FromScratch_01/Content/Levels/02_SpawningCharacters/02_SpawningCharacters.umap" 671
"../../../Engine/Content/EngineSky/BP_Sky_Sphere.uasset" 672
"../../../Engine/Content/EngineSky/C_Sky_Cloud_Color.uasset" 673
"../../../Engine/Content/EngineSky/C_Sky_Horizon_Color.uasset" 674
"../../../Engine/Content/EngineSky/C_Sky_Zenith_Color.uasset" 675
"../../../Engine/Content/EngineSky/M_Sky_Panning_Clouds2.uasset" 676
"../../../Engine/Content/EngineSky/T_Sky_Blue.uasset" 677
"../../../Engine/Content/EngineSky/T_Sky_Clouds_M.uasset" 678
"../../../Engine/Content/EngineSky/T_Sky_Stars.uasset" 679
"../../../Engine/Content/EngineSky/SM_SkySphere.uasset" 680
"../../../../../../Users/silvio/Documents/Unreal Projects/AI_FromScratch_01/Content/TopDownBP/Blueprints/TopDownCharacter.uasset" 681
"../../../Engine/Content/MapTemplates/SM_Template_Map_Floor.uasset" 682
"C:/Users/silvio/AppData/Local/UnrealEngine/Common/DerivedDataCache/4/1/6/PHYSX_1D9C17C451EA4FB88CB7A27536A65DB0_PHYSXPC_D9C7475B442F8919C16414A1F8589739__1_0_13123_0.udd" 683
"C:/Users/silvio/AppData/Local/UnrealEngine/Common/DerivedDataCache/8/7/3/TEXTURE_814DCC3DC72143F49509781513CB9855_AUTODXT_C39D9C874CD7227063D180B74D8B2__28D459868DB201E863A6B68B2165971C3875D273.udd" 684
"C:/Users/silvio/AppData/Local/UnrealEngine/Common/DerivedDataCache/9/2/7/TEXTURE_814DCC3DC72143F49509781513CB9855_AUTODXT_C39D9C874CD7227063D180B74D8B2__1FB927294FF21F7298BB7BDAA8FF18936EB7C6D6.udd" 685
"C:/Users/silvio/AppData/Local/UnrealEngine/Common/DerivedDataCache/6/7/8/TEXTURE_814DCC3DC72143F49509781513CB9855_AUTODXT_C39D9C874CD7227063D180B74D8B2__6257584E634580408B42CE4BFD3E106E2ED1A2FC.udd" 686
"C:/Users/silvio/AppData/Local/UnrealEngine/Common/DerivedDataCache/0/3/5/TEXTURE_814DCC3DC72143F49509781513CB9855_AUTODXT_628D9A4448C531D6DC1849B3B7DAE__2F854DF9A5829CC244DDF551FB5E1EBF9BA8B6C9.udd" 687
"C:/Users/silvio/AppData/Local/UnrealEngine/Common/DerivedDataCache/2/5/6/TEXTURE_814DCC3DC72143F49509781513CB9855_DXT1_5D0BD9714B12092A856CEFA9A0FE21FD__72307D3C2A7754B5AF04EB8D2BFAF7F418D4818D.udd" 688
"C:/Users/silvio/AppData/Local/UnrealEngine/Common/DerivedDataCache/7/3/8/TEXTURE_814DCC3DC72143F49509781513CB9855_DXT1_5D0BD9714B12092A856CEFA9A0FE21FD__195E80CBD924204CCFE3AFC69CB6719E5D1215B1.udd" 689
"C:/Users/silvio/AppData/Local/UnrealEngine/Common/DerivedDataCache/4/9/4/TEXTURE_814DCC3DC72143F49509781513CB9855_DXT1_5D0BD9714B12092A856CEFA9A0FE21FD__46301C32CB1DCD9E2BF4EBFD4ED9456E7B5B0C14.udd" 690
"C:/Users/silvio/AppData/Local/UnrealEngine/Common/DerivedDataCache/6/0/2/TEXTURE_814DCC3DC72143F49509781513CB9855_DXT1_BCCD5B3F44025E4F53FB49852E6DABB9__96C69D4A1BDC8CC028073E0C5B4E93200E33247E.udd" 691
"C:/Users/silvio/AppData/Local/UnrealEngine/Common/DerivedDataCache/0/1/9/TEXTURE_814DCC3DC72143F49509781513CB9855_G8_A6181EDE4DC6C9163B2EA09952ECC2A6_0__848EA7A3B1EC876C971B66023F66A119EA6ED925.udd" 692
"C:/Users/silvio/AppData/Local/UnrealEngine/Common/DerivedDataCache/5/7/7/TEXTURE_814DCC3DC72143F49509781513CB9855_G8_A6181EDE4DC6C9163B2EA09952ECC2A6_0__842484EEA928F32E24E6BF914726B55B766E06D3.udd" 693
"C:/Users/silvio/AppData/Local/UnrealEngine/Common/DerivedDataCache/7/3/0/TEXTURE_814DCC3DC72143F49509781513CB9855_G8_A6181EDE4DC6C9163B2EA09952ECC2A6_0__4A4D5D46C4D89EF049204DDB9BDDB0F7457948CF.udd" 694
"C:/Users/silvio/AppData/Local/UnrealEngine/Common/DerivedDataCache/7/1/3/TEXTURE_814DCC3DC72143F49509781513CB9855_G8_C2C4FCE84FDEFCCD1512959D78ED1E59_0__A557ED411139ADCD224658952203DC885BE10F88.udd" 695
"../../../Engine/Content/EditorResources/EmptyActor.uasset" 696
"../../../Engine/Content/EditorResources/LightIcons/S_LightError.uasset" 697
"../../../../../../Users/silvio/Documents/Unreal Projects/AI_FromScratch_01/Content/CommonAssets/SpawnPoint/SpawnPoint_Yellow.uasset" 698
"../../../../../../Users/silvio/Documents/Unreal Projects/AI_FromScratch_01/Content/CommonAssets/SpawnPoint/SpawnPoint.uasset" 699
"../../../../../../Users/silvio/Documents/Unreal Projects/AI_FromScratch_01/Content/CommonAssets/SpawnPoint/Icons/SpawnPoint_Yellow.uasset" 700
"../../../../../../Users/silvio/Documents/Unreal Projects/AI_FromScratch_01/Content/CommonAssets/SpawnPoint/SpawnPoint_Red.uasset" 701
"../../../../../../Users/silvio/Documents/Unreal Projects/AI_FromScratch_01/Content/CommonAssets/SpawnPoint/Icons/SpawnPoint_Red.uasset" 702
"../../../../../../Users/silvio/Documents/Unreal Projects/AI_FromScratch_01/Content/CommonAssets/SpawnPoint/SpawnPoint_Green.uasset" 703
"../../../../../../Users/silvio/Documents/Unreal Projects/AI_FromScratch_01/Content/CommonAssets/SpawnPoint/Icons/SpawnPoint_Green.uasset" 704
"../../../../../../Users/silvio/Documents/Unreal Projects/AI_FromScratch_01/Content/CommonAssets/SpawnPoint/SpawnPoint_Cyan.uasset" 705
"../../../../../../Users/silvio/Documents/Unreal Projects/AI_FromScratch_01/Content/CommonAssets/SpawnPoint/SpawnPoint_Blue.uasset" 706
"../../../../../../Users/silvio/Documents/Unreal Projects/AI_FromScratch_01/Content/CommonAssets/SpawnPoint/Icons/SpawnPoint_Blue.uasset" 707
"../../../../../../Users/silvio/Documents/Unreal Projects/AI_FromScratch_01/Content/CommonAssets/TeamColors.uasset" 708
"../../../../../../Users/silvio/Documents/Unreal Projects/AI_FromScratch_01/Content/CommonAssets/SpawnPoint_Red.uasset" 709
"../../../../../../Users/silvio/Documents/Unreal Projects/AI_FromScratch_01/Content/CommonAssets/SpawnPoint_Green.uasset" 710
"../../../../../../Users/silvio/Documents/Unreal Projects/AI_FromScratch_01/Content/CommonAssets/SpawnPoint.uasset" 711
"../../../../../../Users/silvio/Documents/Unreal Projects/AI_FromScratch_01/Content/CommonAssets/PickUp.uasset" 712
"../../../../../../Users/silvio/Documents/Unreal Projects/AI_FromScratch_01/Content/NPC/Blueprints/NPC_Character.uasset" 713
"../../../../../../Users/silvio/Documents/Unreal Projects/AI_FromScratch_01/Content/NPC/Animations/ThirdPerson_AnimBP.uasset" 714
"../../../../../../Users/silvio/Documents/Unreal Projects/AI_FromScratch_01/Content/NPC/Animations/ThirdPerson_Jump.uasset" 715
"../../../../../../Users/silvio/Documents/Unreal Projects/AI_FromScratch_01/Content/NPC/Character/Mesh/UE4_Mannequin_Skeleton.uasset" 716
"../../../../../../Users/silvio/Documents/Unreal Projects/AI_FromScratch_01/Content/NPC/Animations/ThirdPersonJump_Loop.uasset" 717
"../../../../../../Users/silvio/Documents/Unreal Projects/AI_FromScratch_01/Content/NPC/Animations/ThirdPersonJump_Start.uasset" 718
"../../../../../../Users/silvio/Documents/Unreal Projects/AI_FromScratch_01/Content/NPC/Animations/ThirdPerson_IdleRun_2D.uasset" 719
"../../../../../../Users/silvio/Documents/Unreal Projects/AI_FromScratch_01/Content/NPC/Animations/ThirdPersonIdle.uasset" 720
"../../../../../../Users/silvio/Documents/Unreal Projects/AI_FromScratch_01/Content/NPC/Animations/ThirdPersonRun.uasset" 721
"../../../../../../Users/silvio/Documents/Unreal Projects/AI_FromScratch_01/Content/NPC/Animations/ThirdPersonWalk.uasset" 722
"../../../../../../Users/silvio/Documents/Unreal Projects/AI_FromScratch_01/Content/NPC/AI/NPC_Controller.uasset" 723
"../../../../../../Users/silvio/Documents/Unreal Projects/AI_FromScratch_01/Content/NPC/AI/BehaviourTrees/BT_Hide.uasset" 724
"../../../../../../Users/silvio/Documents/Unreal Projects/AI_FromScratch_01/Content/NPC/AI/Enum_States.uasset" 725
"../../../../../../Users/silvio/Documents/Unreal Projects/AI_FromScratch_01/Content/NPC/AI/Tasks/BTT_Forgetenemy.uasset" 726
"../../../../../../Users/silvio/Documents/Unreal Projects/AI_FromScratch_01/Content/NPC/Character/Materials/M_UE4Man_Body.uasset" 727
"../../../Engine/Content/Functions/Engine_MaterialFunctions02/Utility/BlendAngleCorrectedNormals.uasset" 728
"../../../Engine/Content/Functions/MaterialLayerFunctions/MatLayerBlend_NormalBlend.uasset" 729
"../../../Engine/Content/Functions/MaterialLayerFunctions/MatLayerBlend_Simple.uasset" 730
"../../../../../../Users/silvio/Documents/Unreal Projects/AI_FromScratch_01/Content/NPC/Character/Materials/MaterialLayers/ML_GlossyBlack_Latex_UE4.uasset" 731
"../../../../../../Users/silvio/Documents/Unreal Projects/AI_FromScratch_01/Content/NPC/Character/Materials/MaterialLayers/T_ML_Rubber_Blue_01_D.uasset" 732
"../../../../../../Users/silvio/Documents/Unreal Projects/AI_FromScratch_01/Content/NPC/Character/Materials/MaterialLayers/T_ML_Rubber_Blue_01_N.uasset" 733
"../../../../../../Users/silvio/Documents/Unreal Projects/AI_FromScratch_01/Content/NPC/Character/Materials/MaterialLayers/ML_Plastic_Shiny_Beige.uasset" 734
"../../../../../../Users/silvio/Documents/Unreal Projects/AI_FromScratch_01/Content/NPC/Character/Materials/MaterialLayers/ML_Plastic_Shiny_Beige_LOGO.uasset" 735
"../../../../../../Users/silvio/Documents/Unreal Projects/AI_FromScratch_01/Content/NPC/Character/Textures/UE4_LOGO_CARD.uasset" 736
"../../../../../../Users/silvio/Documents/Unreal Projects/AI_FromScratch_01/Content/NPC/Character/Materials/MaterialLayers/ML_SoftMetal_UE4.uasset" 737
"../../../../../../Users/silvio/Documents/Unreal Projects/AI_FromScratch_01/Content/NPC/Character/Materials/MaterialLayers/T_ML_Aluminum01.uasset" 738
"../../../../../../Users/silvio/Documents/Unreal Projects/AI_FromScratch_01/Content/NPC/Character/Materials/MaterialLayers/T_ML_Aluminum01_N.uasset" 739
"../../../../../../Users/silvio/Documents/Unreal Projects/AI_FromScratch_01/Content/NPC/Character/Textures/UE4_Mannequin__normals.uasset" 740
"../../../../../../Users/silvio/Documents/Unreal Projects/AI_FromScratch_01/Content/NPC/Character/Textures/UE4_Mannequin_MAT_MASKA.uasset" 741
"../../../../../../Users/silvio/Documents/Unreal Projects/AI_FromScratch_01/Content/NPC/Character/Materials/M_UE4Man_Body_Inst.uasset" 742
"../../../../../../Users/silvio/Documents/Unreal Projects/AI_FromScratch_01/Content/NPC/Character/Mesh/SK_Mannequin.uasset" 743
"../../../../../../Users/silvio/Documents/Unreal Projects/AI_FromScratch_01/Content/NPC/Character/Materials/M_UE4Man_ChestLogo.uasset" 744
"../../../../../../Users/silvio/Documents/Unreal Projects/AI_FromScratch_01/Content/NPC/Character/Textures/UE4Man_Logo_N.uasset" 745
"../../../../../../Users/silvio/Documents/Unreal Projects/AI_FromScratch_01/Content/NPC/AI/BehaviourTrees/BT_Wander.uasset" 746
"../../../../../../Users/silvio/Documents/Unreal Projects/AI_FromScratch_01/Content/NPC/AI/Tasks/BTT_SetRandomDestination.uasset" 747
"../../../Engine/Content/BasicShapes/BasicShapeMaterial.uasset" 748
"C:/Users/silvio/AppData/Local/UnrealEngine/Common/DerivedDataCache/4/4/7/MATSM_984AFA3849534FAA8491540B994BD32E_PCD3D_SM5_3__BC5N_DEV_SL_NODBUF12E19141__846B9721CFDC237F3A4C099E20D919EA6D64AB20.udd" 749
"C:/Users/silvio/AppData/Local/UnrealEngine/Common/DerivedDataCache/1/2/0/MATSM_984AFA3849534FAA8491540B994BD32E_PCD3D_SM5_3__BC5N_DEV_SL_NODBUF12E19141__3F838315F913A748CE6F480CC38D93B0C6783F27.udd" 750
"../../../../../../Users/silvio/Documents/Unreal Projects/AI_FromScratch_01/Content/CommonAssets/PawnTest.uasset" 751
"../../../../../../Users/silvio/Documents/Unreal Projects/AI_FromScratch_01/Content/CommonAssets/Obstacle_Wall_High.uasset" 752
"../../../../../../Users/silvio/Documents/Unreal Projects/AI_FromScratch_01/Content/CommonAssets/NPC_Names.uasset" 753
"C:/Users/silvio/AppData/Local/UnrealEngine/Common/DerivedDataCache/2/6/6/PHYSX_1D9C17C451EA4FB88CB7A27536A65DB0_PHYSXPC_907BD97E42642397D344DF9EE307CE9C__1_0_13123_0.udd" 754
"C:/Users/silvio/AppData/Local/UnrealEngine/Common/DerivedDataCache/4/2/1/TEXTURE_814DCC3DC72143F49509781513CB9855_AUTODXT_EF0F38574C6684F7DAA472A4E7D4E__43E37378BB8BA19D4A2598B4CF931DFC381E52BE.udd" 755
"C:/Users/silvio/AppData/Local/UnrealEngine/Common/DerivedDataCache/5/0/6/TEXTURE_814DCC3DC72143F49509781513CB9855_AUTODXT_01C0300444A0BF5D9D21F4ADDFD49__C980AEB7EFFA97D2FF85E0145746B9740B0D1A54.udd" 756
"C:/Users/silvio/AppData/Local/UnrealEngine/Common/DerivedDataCache/8/3/2/TEXTURE_814DCC3DC72143F49509781513CB9855_AUTODXT_01C0300444A0BF5D9D21F4ADDFD49__FAC629DF330446943C0B3198FC14F899C8020508.udd" 757
"C:/Users/silvio/AppData/Local/UnrealEngine/Common/DerivedDataCache/7/7/7/TEXTURE_814DCC3DC72143F49509781513CB9855_AUTODXT_01C0300444A0BF5D9D21F4ADDFD49__DAD1F04532BA3CF0CCF44EF94E054283D6800EE0.udd" 758
"C:/Users/silvio/AppData/Local/UnrealEngine/Common/DerivedDataCache/6/8/6/TEXTURE_814DCC3DC72143F49509781513CB9855_AUTODXT_01C0300444A0BF5D9D21F4ADDFD49__F90958F90FE6855FD5D460DA1542D36A1600444D.udd" 759
"C:/Users/silvio/AppData/Local/UnrealEngine/Common/DerivedDataCache/4/8/2/TEXTURE_814DCC3DC72143F49509781513CB9855_DXT1_8129A0F44B52F1A339E7A99DBDCA13A2__23F668710F7C11BF1ED4D75A113316822DAFE4F1.udd" 760
"C:/Users/silvio/AppData/Local/UnrealEngine/Common/DerivedDataCache/0/2/5/TEXTURE_814DCC3DC72143F49509781513CB9855_DXT1_C477016F45DC383F275DE99F839C1BA8__FF86A3ADB2571F1DA3BE6049755F5CAEA9298C76.udd" 761
"C:/Users/silvio/AppData/Local/UnrealEngine/Common/DerivedDataCache/5/5/5/TEXTURE_814DCC3DC72143F49509781513CB9855_DXT1_C477016F45DC383F275DE99F839C1BA8__646EACE922B6EF26DED5B9624DF8B6610A4A9B7E.udd" 762
"C:/Users/silvio/AppData/Local/UnrealEngine/Common/DerivedDataCache/5/9/5/TEXTURE_814DCC3DC72143F49509781513CB9855_DXT1_C477016F45DC383F275DE99F839C1BA8__8CC76EC4EE00ACE9B4CCC4E233AF6742FA0E5411.udd" 763
"C:/Users/silvio/AppData/Local/UnrealEngine/Common/DerivedDataCache/9/8/3/TEXTURE_814DCC3DC72143F49509781513CB9855_DXT1_C477016F45DC383F275DE99F839C1BA8__AFFCF2877326398AAF3256CBAB101F06FBC74463.udd" 764
"C:/Users/silvio/AppData/Local/UnrealEngine/Common/DerivedDataCache/4/9/6/TEXTURE_814DCC3DC72143F49509781513CB9855_G8_C4C2F15344AFD1CE67121D9F0F807D9A_0__5E7FC1B2EC4A436D4376D260C908CEEB3D0CFE1F.udd" 765
"C:/Users/silvio/AppData/Local/UnrealEngine/Common/DerivedDataCache/0/7/0/TEXTURE_814DCC3DC72143F49509781513CB9855_G8_C4C2F15344AFD1CE67121D9F0F807D9A_0__0388DE7F49110E10EA70BABEA08C0F8A2B133355.udd" 766
"C:/Users/silvio/AppData/Local/UnrealEngine/Common/DerivedDataCache/6/7/0/TEXTURE_814DCC3DC72143F49509781513CB9855_G8_C4C2F15344AFD1CE67121D9F0F807D9A_0__2014C4A66C7BCC5D0E5031C7B7981901FBA07BAB.udd" 767
"C:/Users/silvio/AppData/Local/UnrealEngine/Common/DerivedDataCache/4/1/7/TEXTURE_814DCC3DC72143F49509781513CB9855_G8_C4C2F15344AFD1CE67121D9F0F807D9A_0__58F00D7152326EB0774179477060B48065829BA9.udd" 768
"C:/Users/silvio/AppData/Local/UnrealEngine/Common/DerivedDataCache/7/6/2/TEXTURE_814DCC3DC72143F49509781513CB9855_G8_59CC30C44ABB9F430B3A359B95CBA331_0__300F46DD3EC0973242F228E8795C07103372790D.udd" 769
"C:/Users/silvio/Documents/Unreal Projects/AI_FromScratch_01/Intermediate/Shaders/tmp/FF959A9041EF740A1458CCB9EE049423/0/WorkerOutputOnly.out" 770
"C:/Users/silvio/Documents/Unreal Projects/AI_FromScratch_01/Intermediate/Shaders/tmp/FF959A9041EF740A1458CCB9EE049423/1/WorkerOutputOnly.out" 771
"C:/Users/silvio/Documents/Unreal Projects/AI_FromScratch_01/Intermediate/Shaders/tmp/FF959A9041EF740A1458CCB9EE049423/2/WorkerOutputOnly.out" 772
"C:/Users/silvio/AppData/Local/UnrealEngine/Common/DerivedDataCache/9/1/1/TEXTURE_814DCC3DC72143F49509781513CB9855_AUTODXT_97095F3A4EE816E7CECD64AADDD82__183BDFDAAF4E7330A1743C3C044179DFD199092E.udd" 773
"C:/Users/silvio/AppData/Local/UnrealEngine/Common/DerivedDataCache/7/8/6/TEXTURE_814DCC3DC72143F49509781513CB9855_AUTODXT_97095F3A4EE816E7CECD64AADDD82__D349B537796791E7D42443B5FBE66DEDA4C52939.udd" 774
"C:/Users/silvio/AppData/Local/UnrealEngine/Common/DerivedDataCache/5/5/4/TEXTURE_814DCC3DC72143F49509781513CB9855_AUTODXT_97095F3A4EE816E7CECD64AADDD82__C5C1743E57414A1A322616C75AFC17DE99A1C5BC.udd" 775
"../../../../../../Users/silvio/Documents/Unreal Projects/AI_FromScratch_01/Content/Levels/03_LookForObjectsasd/Character_03_C.uasset" 776
"../../../../../../Users/silvio/Documents/Unreal Projects/AI_FromScratch_01/Content/Levels/03_LookForObjectsasd/Character_03.uasset" 777
"../../../../../../Users/silvio/Documents/Unreal Projects/AI_FromScratch_01/Content/Levels/03_LookForObjectsasd/Character_02_seeing_C.uasset" 778
"../../../../../../Users/silvio/Documents/Unreal Projects/AI_FromScratch_01/Content/Levels/03_LookForObjectsasd/Character_02_seeing.uasset" 779
"C:/Users/silvio/AppData/Local/UnrealEngine/Common/DerivedDataCache/5/1/4/TEXTURE_814DCC3DC72143F49509781513CB9855_AUTODXT_3619E2294648248BC3ABD4B0C0722__19771C0DC0E799F588E962826508953FE240A91F.udd" 780
"C:/Users/silvio/AppData/Local/UnrealEngine/Common/DerivedDataCache/2/6/6/TEXTURE_814DCC3DC72143F49509781513CB9855_AUTODXT_3619E2294648248BC3ABD4B0C0722__A8015A6CEDF6EB144AE71A34F1F2F4AB14D69260.udd" 781
"C:/Users/silvio/AppData/Local/UnrealEngine/Common/DerivedDataCache/8/2/1/TEXTURE_814DCC3DC72143F49509781513CB9855_AUTODXT_3619E2294648248BC3ABD4B0C0722__F50CB64F6D0C0FF354EDAD6D213B3116361C8BFD.udd" 782
"../../../../../../Users/silvio/Documents/Unreal Projects/AI_FromScratch_01/Content/CommonAssets/SpawnPoint/Icons/Icon_SpawnPoint.uasset" 783
"../../../Engine/Content/MobileResources/HUD/T_Castle_ThumbstickInner.uasset" 784
"../../../Engine/Content/MobileResources/HUD/MobileHUDDirectionPad.uasset" 785
"../../../Engine/Content/EngineMaterials/DefaultNormal.uasset" 786
"../../../../../../Users/silvio/Documents/Unreal Projects/AI_FromScratch_01/Content/Levels/Default.umap" 787
"../../../Engine/Content/MobileResources/T_MobileMenu2.uasset" 788
"../../../../../../Users/silvio/Documents/Unreal Projects/AI_FromScratch_01/Content/NPC/Character/Materials/M_UE4Man_Body_Blue.uasset" 789
"../../../../../../Users/silvio/Documents/Unreal Projects/AI_FromScratch_01/Content/NPC/Blueprints/TopDownCharacter_C.uasset" 790
"../../../../../../Users/silvio/Documents/Unreal Projects/AI_FromScratch_01/Content/NPC/Blueprints/TopDownCharacter.uasset" 791
"../../../../../../Users/silvio/Documents/Unreal Projects/AI_FromScratch_01/Content/NPC/Blueprints/Default__TopDownCharacter_C.uasset" 792
"../../../../../../Users/silvio/Documents/Unreal Projects/AI_FromScratch_01/Content/NPC/AI/Tasks/BTT_LookForTarget.uasset" 793
"../../../../../../Users/silvio/Documents/Unreal Projects/AI_FromScratch_01/Content/NPC/AI/Tasks/BTT_CleanPickupFromBB.uasset" 794
"../../../../../../Users/silvio/Documents/Unreal Projects/AI_FromScratch_01/Content/Mannequin/Character/Materials/M_UE4Man_Body_Red.uasset" 795
"../../../../../../Users/silvio/Documents/Unreal Projects/AI_FromScratch_01/Content/NPC/Character/Materials/M_UE4Man_Body_Red.uasset" 796
"../../../../../../Users/silvio/Documents/Unreal Projects/AI_FromScratch_01/Content/Mannequin/Character/Materials/M_UE4Man_Body_Blue.uasset" 797
"../../../../../../Users/silvio/Documents/Unreal Projects/AI_FromScratch_01/Content/Mannequin/Blueprints/NPC_Character.uasset" 798
"../../../../../../Users/silvio/Documents/Unreal Projects/AI_FromScratch_01/Content/Levels/03_LookForObjectsasd/Default__Character_03_seeing_C.uasset" 799
"C:/Users/silvio/AppData/Local/UnrealEngine/Common/DerivedDataCache/2/5/7/MATSM_984AFA3849534FAA8491540B994BD32E_PCD3D_SM4_3__BC5N_DEV_SL_NODBUF12E19141__C181E84E05095F0EA637C3A9E3BA3514E1A7DF07.udd" 800
"C:/Users/silvio/AppData/Local/UnrealEngine/Common/DerivedDataCache/3/4/6/MATSM_984AFA3849534FAA8491540B994BD32E_PCD3D_SM4_3__BC5N_DEV_SL_NODBUF12E19141__CC056AA1A66AD9A5FC47DD3AC63FD0087DE8226B.udd" 801
"../../../../../../Users/silvio/Documents/Unreal Projects/AI_FromScratch_01/Content/Levels/03_LookForObjectsasd/Default__Character_03_C.uasset" 802
"../../../../../../Users/silvio/Documents/Unreal Projects/AI_FromScratch_01/Content/Levels/03_LookForObjectsasd/Default__Character_02_seeing_C.uasset" 803
"../../../../../../Users/silvio/Documents/Unreal Projects/AI_FromScratch_01/Content/Levels/03_LookForObjectsasd/Character_03_seeing_C.uasset" 804
"../../../../../../Users/silvio/Documents/Unreal Projects/AI_FromScratch_01/Content/Levels/03_LookForObjectsasd/Character_03_seeing.uasset" 805
"../../../../../../Users/silvio/Documents/Unreal Projects/AI_FromScratch_01/Content/CommonAssets/SpawnPoint/Icons/SpawnPoint_White.uasset" 806
"C:/Users/silvio/AppData/Local/UnrealEngine/Common/DerivedDataCache/9/3/8/TEXTURE_814DCC3DC72143F49509781513CB9855_AUTODXT_680CEDA849510421606CF08C888C6__FB50B4D0716A11CFF7A1165010CC953131D45BE3.udd" 807
"C:/Users/silvio/AppData/Local/UnrealEngine/Common/DerivedDataCache/2/6/9/TEXTURE_814DCC3DC72143F49509781513CB9855_AUTODXT_680CEDA849510421606CF08C888C6__9D384C7663BFF4A128513D974EFE429CDE702622.udd" 808
"C:/Users/silvio/AppData/Local/UnrealEngine/Common/DerivedDataCache/8/2/1/TEXTURE_814DCC3DC72143F49509781513CB9855_AUTODXT_680CEDA849510421606CF08C888C6__5ADF66EBD16F09FE9CCB126255FDFF548D2ED17C.udd" 809
"../../../Engine/Content/MobileResources/HUD/MobileHUDDirectionPad2.uasset" 810
"../../../Engine/Content/MobileResources/T_MobileControls_texture.uasset" 811
"../../../Engine/Content/MobileResources/HUD/MobileHUDButton1_off.uasset" 812
"C:/Users/silvio/AppData/Local/UnrealEngine/Common/DerivedDataCache/7/6/3/TEXTURE_814DCC3DC72143F49509781513CB9855_AUTODXT_ABB9F7C74D59B2A78C14E2BF8F19B__B8ABD5C0F6512608D17342F4A5596CCB3B457C6C.udd" 813
"C:/Users/silvio/AppData/Local/UnrealEngine/Common/DerivedDataCache/0/2/4/TEXTURE_814DCC3DC72143F49509781513CB9855_AUTODXT_ABB9F7C74D59B2A78C14E2BF8F19B__BF0644F1B6E4ED5A74DF68DFA388D06F88340A50.udd" 814
"C:/Users/silvio/AppData/Local/UnrealEngine/Common/DerivedDataCache/2/1/1/TEXTURE_814DCC3DC72143F49509781513CB9855_AUTODXT_ABB9F7C74D59B2A78C14E2BF8F19B__5E6CF62E2A3BA1F1F4A24053F001B0857D767A86.udd" 815
"../../../Engine/Content/MobileResources/HUD/MobileHUDButton3.uasset" 816
"../../../../../../Users/silvio/Documents/Unreal Projects/AI_FromScratch_01/Content/TopDownBP/Blueprints/TopDownCharacter2.uasset" 817
"../../../Engine/Content/MobileResources/HUD/MobileHUDDirectionStick.uasset" 818
"../../../../../../Users/silvio/Documents/Unreal Projects/AI_FromScratch_01/Content/Levels/03_LookForObject.umap" 819
"../../../Engine/Content/MobileResources/HUD/MobileHUDButton2_off.uasset" 820
"../../../Engine/Content/MobileResources/HUD/MobileHUDButtonFire.uasset" 821
"../../../../../../Users/silvio/Documents/Unreal Projects/AI_FromScratch_01/Content/CommonAssets/SpawnPoint/Icons/SpawnPoint_Magenta.uasset" 822
"C:/Users/silvio/AppData/Local/UnrealEngine/Common/DerivedDataCache/4/8/0/TEXTURE_814DCC3DC72143F49509781513CB9855_AUTODXT_9237DCF84E006DE6B32367917D1EB__9604245BCD883747339FBF0EB5F06AA4271448A6.udd" 823
"C:/Users/silvio/AppData/Local/UnrealEngine/Common/DerivedDataCache/5/3/9/TEXTURE_814DCC3DC72143F49509781513CB9855_AUTODXT_9237DCF84E006DE6B32367917D1EB__A5EBF9F34A81EBE004A0828CA75C53D4A94C5909.udd" 824
"C:/Users/silvio/AppData/Local/UnrealEngine/Common/DerivedDataCache/2/0/5/TEXTURE_814DCC3DC72143F49509781513CB9855_AUTODXT_9237DCF84E006DE6B32367917D1EB__A6F0C25485EE7621D6C48DD6108150D159B8CF9A.udd" 825
"../../../../../../Users/silvio/Documents/Unreal Projects/AI_FromScratch_01/Content/CommonAssets/SpawnPoint/Icons/SpawnPoint_Black.uasset" 826
"C:/Users/silvio/AppData/Local/UnrealEngine/Common/DerivedDataCache/3/6/2/TEXTURE_814DCC3DC72143F49509781513CB9855_AUTODXT_609A15054D3D949D46E47888C428E__88579572A5CC3BFAAE402A37AE4CD8DF8030D164.udd" 827
"C:/Users/silvio/AppData/Local/UnrealEngine/Common/DerivedDataCache/0/5/5/TEXTURE_814DCC3DC72143F49509781513CB9855_AUTODXT_609A15054D3D949D46E47888C428E__76BEB2E9ADAC1D83699DAC7EE436C31600F78205.udd" 828
"C:/Users/silvio/AppData/Local/UnrealEngine/Common/DerivedDataCache/3/4/0/TEXTURE_814DCC3DC72143F49509781513CB9855_AUTODXT_609A15054D3D949D46E47888C428E__A1AB1BF30F263BF82C188A225067506F00E90EB9.udd" 829
"../../../../../../Users/silvio/Documents/Unreal Projects/AI_FromScratch_01/Content/CommonAssets/SpawnPoint/Icons/SpawnPoint_Cyan.uasset" 830
"C:/Users/silvio/AppData/Local/UnrealEngine/Common/DerivedDataCache/2/9/3/TEXTURE_814DCC3DC72143F49509781513CB9855_AUTODXT_7AF910394F4C1CF9CD316CB60CD63__302640D1D81215A9319672F582B448458B4BAB67.udd" 831
"C:/Users/silvio/AppData/Local/UnrealEngine/Common/DerivedDataCache/2/6/0/TEXTURE_814DCC3DC72143F49509781513CB9855_AUTODXT_7AF910394F4C1CF9CD316CB60CD63__255115EF81EB55CA8BB44EFAE32E4ACF278B5BC5.udd" 832
"C:/Users/silvio/AppData/Local/UnrealEngine/Common/DerivedDataCache/0/9/8/TEXTURE_814DCC3DC72143F49509781513CB9855_AUTODXT_7AF910394F4C1CF9CD316CB60CD63__943E3FB0316593120C544CAC6A54794B9598B5E4.udd" 833
"C:/Users/silvio/AppData/Local/UnrealEngine/Common/DerivedDataCache/9/4/3/TEXTURE_814DCC3DC72143F49509781513CB9855_AUTODXT_A77188B54F500FBE94D4419745275__9A13CE468E0B2744E96F5EEDD8C2BFF9009B9343.udd" 834
"C:/Users/silvio/AppData/Local/UnrealEngine/Common/DerivedDataCache/2/7/8/TEXTURE_814DCC3DC72143F49509781513CB9855_AUTODXT_A77188B54F500FBE94D4419745275__D4847D590D24A696057944D4573A861511E6D1AB.udd" 835
"C:/Users/silvio/AppData/Local/UnrealEngine/Common/DerivedDataCache/6/9/2/TEXTURE_814DCC3DC72143F49509781513CB9855_AUTODXT_A77188B54F500FBE94D4419745275__84FD76DD6A107FAA46A3F3BCF1329DCB2B94C847.udd" 836
"../../../Engine/Content/MobileResources/HUD/LeftVirtualJoystickOnly.uasset" 837
"../../../Engine/Content/MobileResources/HUD/MobileHUDButton1_on.uasset" 838
"../../../../../../Users/silvio/Documents/Unreal Projects/AI_FromScratch_01/Saved/Stats/2015.09.28-17.37.37Stats.csv" 839
